{"/Users/fficnar/Projects/Shared Projects/JavaScript/rumil/server/library/file-system.js":{"path":"/Users/fficnar/Projects/Shared Projects/JavaScript/rumil/server/library/file-system.js","s":{"1":1,"2":1,"3":1,"4":1,"5":1,"6":1,"7":1,"8":1,"9":1,"10":17,"11":17,"12":17,"13":15,"14":2,"15":1,"16":5,"17":5,"18":5,"19":5,"20":12,"21":1,"22":5,"23":5,"24":5,"25":5,"26":69,"27":69,"28":4,"29":65,"30":1,"31":1,"32":1,"33":1,"34":1,"35":1,"36":1},"b":{"1":[15,2],"2":[4,65]},"f":{"1":17,"2":5,"3":5},"fnMap":{"1":{"name":"(anonymous_1)","line":17,"loc":{"start":{"line":17,"column":26},"end":{"line":17,"column":57}}},"2":{"name":"(anonymous_2)","line":37,"loc":{"start":{"line":37,"column":28},"end":{"line":37,"column":69}}},"3":{"name":"(anonymous_3)","line":48,"loc":{"start":{"line":48,"column":31},"end":{"line":48,"column":72}}}},"statementMap":{"1":{"start":{"line":3,"column":0},"end":{"line":3,"column":35}},"2":{"start":{"line":4,"column":0},"end":{"line":4,"column":33}},"3":{"start":{"line":5,"column":0},"end":{"line":5,"column":43}},"4":{"start":{"line":8,"column":0},"end":{"line":8,"column":30}},"5":{"start":{"line":10,"column":0},"end":{"line":10,"column":56}},"6":{"start":{"line":11,"column":0},"end":{"line":11,"column":54}},"7":{"start":{"line":13,"column":0},"end":{"line":13,"column":43}},"8":{"start":{"line":15,"column":0},"end":{"line":15,"column":29}},"9":{"start":{"line":17,"column":0},"end":{"line":35,"column":1}},"10":{"start":{"line":19,"column":2},"end":{"line":19,"column":30}},"11":{"start":{"line":23,"column":2},"end":{"line":33,"column":4}},"12":{"start":{"line":24,"column":4},"end":{"line":32,"column":5}},"13":{"start":{"line":27,"column":6},"end":{"line":27,"column":16}},"14":{"start":{"line":31,"column":6},"end":{"line":31,"column":39}},"15":{"start":{"line":37,"column":0},"end":{"line":46,"column":1}},"16":{"start":{"line":39,"column":2},"end":{"line":39,"column":30}},"17":{"start":{"line":40,"column":2},"end":{"line":40,"column":38}},"18":{"start":{"line":42,"column":2},"end":{"line":42,"column":105}},"19":{"start":{"line":44,"column":2},"end":{"line":44,"column":113}},"20":{"start":{"line":44,"column":62},"end":{"line":44,"column":112}},"21":{"start":{"line":48,"column":0},"end":{"line":64,"column":1}},"22":{"start":{"line":50,"column":2},"end":{"line":50,"column":30}},"23":{"start":{"line":51,"column":2},"end":{"line":51,"column":38}},"24":{"start":{"line":53,"column":2},"end":{"line":53,"column":108}},"25":{"start":{"line":55,"column":2},"end":{"line":62,"column":4}},"26":{"start":{"line":56,"column":4},"end":{"line":61,"column":6}},"27":{"start":{"line":57,"column":6},"end":{"line":60,"column":74}},"28":{"start":{"line":58,"column":8},"end":{"line":58,"column":18}},"29":{"start":{"line":60,"column":8},"end":{"line":60,"column":74}},"30":{"start":{"line":66,"column":0},"end":{"line":66,"column":23}},"31":{"start":{"line":67,"column":0},"end":{"line":67,"column":56}},"32":{"start":{"line":68,"column":0},"end":{"line":68,"column":68}},"33":{"start":{"line":69,"column":0},"end":{"line":69,"column":60}},"34":{"start":{"line":70,"column":0},"end":{"line":70,"column":56}},"35":{"start":{"line":71,"column":0},"end":{"line":71,"column":62}},"36":{"start":{"line":73,"column":0},"end":{"line":73,"column":27}}},"branchMap":{"1":{"line":24,"type":"if","locations":[{"start":{"line":24,"column":4},"end":{"line":24,"column":4}},{"start":{"line":24,"column":4},"end":{"line":24,"column":4}}]},"2":{"line":57,"type":"if","locations":[{"start":{"line":57,"column":6},"end":{"line":57,"column":6}},{"start":{"line":57,"column":6},"end":{"line":57,"column":6}}]}}},"/Users/fficnar/Projects/Shared Projects/JavaScript/rumil/server/library/path.js":{"path":"/Users/fficnar/Projects/Shared Projects/JavaScript/rumil/server/library/path.js","s":{"1":1,"2":1,"3":1,"4":93,"5":93,"6":1},"b":{},"f":{"1":93},"fnMap":{"1":{"name":"(anonymous_1)","line":7,"loc":{"start":{"line":7,"column":12},"end":{"line":7,"column":27}}}},"statementMap":{"1":{"start":{"line":3,"column":0},"end":{"line":3,"column":29}},"2":{"start":{"line":5,"column":0},"end":{"line":5,"column":31}},"3":{"start":{"line":7,"column":0},"end":{"line":10,"column":1}},"4":{"start":{"line":8,"column":2},"end":{"line":8,"column":38}},"5":{"start":{"line":9,"column":2},"end":{"line":9,"column":41}},"6":{"start":{"line":12,"column":0},"end":{"line":12,"column":21}}},"branchMap":{}},"/Users/fficnar/Projects/Shared Projects/JavaScript/rumil/server/library/errors/argument-error.js":{"path":"/Users/fficnar/Projects/Shared Projects/JavaScript/rumil/server/library/errors/argument-error.js","s":{"1":1,"2":68,"3":68,"4":68,"5":1,"6":1,"7":1,"8":1},"b":{},"f":{"1":68},"fnMap":{"1":{"name":"ArgumentError","line":3,"loc":{"start":{"line":3,"column":0},"end":{"line":3,"column":32}}}},"statementMap":{"1":{"start":{"line":3,"column":0},"end":{"line":10,"column":1}},"2":{"start":{"line":5,"column":2},"end":{"line":5,"column":18}},"3":{"start":{"line":6,"column":2},"end":{"line":6,"column":46}},"4":{"start":{"line":8,"column":2},"end":{"line":8,"column":24}},"5":{"start":{"line":12,"column":0},"end":{"line":12,"column":56}},"6":{"start":{"line":13,"column":0},"end":{"line":13,"column":51}},"7":{"start":{"line":14,"column":0},"end":{"line":14,"column":49}},"8":{"start":{"line":16,"column":0},"end":{"line":16,"column":30}}},"branchMap":{}},"/Users/fficnar/Projects/Shared Projects/JavaScript/rumil/server/library/errors/process-error.js":{"path":"/Users/fficnar/Projects/Shared Projects/JavaScript/rumil/server/library/errors/process-error.js","s":{"1":1,"2":3,"3":3,"4":3,"5":3,"6":1,"7":1,"8":1,"9":1},"b":{},"f":{"1":3},"fnMap":{"1":{"name":"ProcessError","line":3,"loc":{"start":{"line":3,"column":0},"end":{"line":3,"column":37}}}},"statementMap":{"1":{"start":{"line":3,"column":0},"end":{"line":11,"column":1}},"2":{"start":{"line":5,"column":2},"end":{"line":5,"column":18}},"3":{"start":{"line":6,"column":2},"end":{"line":6,"column":45}},"4":{"start":{"line":8,"column":2},"end":{"line":8,"column":24}},"5":{"start":{"line":9,"column":2},"end":{"line":9,"column":18}},"6":{"start":{"line":13,"column":0},"end":{"line":13,"column":55}},"7":{"start":{"line":14,"column":0},"end":{"line":14,"column":49}},"8":{"start":{"line":15,"column":0},"end":{"line":15,"column":47}},"9":{"start":{"line":17,"column":0},"end":{"line":17,"column":29}}},"branchMap":{}},"/Users/fficnar/Projects/Shared Projects/JavaScript/rumil/server/library/process.js":{"path":"/Users/fficnar/Projects/Shared Projects/JavaScript/rumil/server/library/process.js","s":{"1":1,"2":1,"3":1,"4":1,"5":1,"6":1,"7":1,"8":1,"9":1,"10":1,"11":12,"12":12,"13":12,"14":12,"15":87,"16":87,"17":87,"18":75,"19":75,"20":12,"21":3,"22":3,"23":9,"24":9,"25":12,"26":1,"27":9,"28":9,"29":9,"30":9,"31":9,"32":3,"33":6,"34":6,"35":6,"36":3,"37":3,"38":3,"39":1,"40":2,"41":2,"42":2,"43":2,"44":1,"45":1,"46":1,"47":0,"48":0,"49":0,"50":0,"51":1,"52":1,"53":3,"54":3,"55":3,"56":3,"57":1,"58":1,"59":2,"60":1,"61":1,"62":0,"63":0,"64":0,"65":1},"b":{"1":[75,12],"2":[87,78],"3":[3,9],"4":[1,1],"5":[1,2]},"f":{"1":12,"2":87,"3":9,"4":2,"5":3,"6":0},"fnMap":{"1":{"name":"(anonymous_1)","line":31,"loc":{"start":{"line":31,"column":15},"end":{"line":31,"column":58}}},"2":{"name":"(anonymous_2)","line":39,"loc":{"start":{"line":39,"column":19},"end":{"line":39,"column":35}}},"3":{"name":"(anonymous_3)","line":65,"loc":{"start":{"line":65,"column":20},"end":{"line":65,"column":35}}},"4":{"name":"(anonymous_4)","line":98,"loc":{"start":{"line":98,"column":20},"end":{"line":98,"column":35}}},"5":{"name":"(anonymous_5)","line":138,"loc":{"start":{"line":138,"column":18},"end":{"line":138,"column":52}}},"6":{"name":"(anonymous_6)","line":166,"loc":{"start":{"line":166,"column":15},"end":{"line":166,"column":34}}}},"statementMap":{"1":{"start":{"line":3,"column":0},"end":{"line":3,"column":43}},"2":{"start":{"line":4,"column":0},"end":{"line":4,"column":30}},"3":{"start":{"line":6,"column":0},"end":{"line":6,"column":56}},"4":{"start":{"line":7,"column":0},"end":{"line":7,"column":54}},"5":{"start":{"line":9,"column":0},"end":{"line":9,"column":25}},"6":{"start":{"line":11,"column":0},"end":{"line":11,"column":36}},"7":{"start":{"line":13,"column":0},"end":{"line":13,"column":62}},"8":{"start":{"line":14,"column":0},"end":{"line":14,"column":67}},"9":{"start":{"line":15,"column":0},"end":{"line":15,"column":62}},"10":{"start":{"line":31,"column":0},"end":{"line":63,"column":1}},"11":{"start":{"line":33,"column":2},"end":{"line":33,"column":30}},"12":{"start":{"line":35,"column":2},"end":{"line":35,"column":79}},"13":{"start":{"line":37,"column":2},"end":{"line":61,"column":4}},"14":{"start":{"line":39,"column":4},"end":{"line":57,"column":5}},"15":{"start":{"line":41,"column":6},"end":{"line":41,"column":41}},"16":{"start":{"line":43,"column":6},"end":{"line":55,"column":8}},"17":{"start":{"line":44,"column":8},"end":{"line":54,"column":9}},"18":{"start":{"line":46,"column":10},"end":{"line":46,"column":52}},"19":{"start":{"line":46,"column":27},"end":{"line":46,"column":42}},"20":{"start":{"line":47,"column":13},"end":{"line":54,"column":9}},"21":{"start":{"line":48,"column":10},"end":{"line":48,"column":109}},"22":{"start":{"line":49,"column":10},"end":{"line":49,"column":56}},"23":{"start":{"line":52,"column":10},"end":{"line":52,"column":87}},"24":{"start":{"line":53,"column":10},"end":{"line":53,"column":19}},"25":{"start":{"line":59,"column":4},"end":{"line":59,"column":24}},"26":{"start":{"line":65,"column":0},"end":{"line":96,"column":1}},"27":{"start":{"line":67,"column":2},"end":{"line":67,"column":45}},"28":{"start":{"line":68,"column":2},"end":{"line":68,"column":30}},"29":{"start":{"line":70,"column":2},"end":{"line":70,"column":55}},"30":{"start":{"line":72,"column":2},"end":{"line":77,"column":3}},"31":{"start":{"line":73,"column":4},"end":{"line":73,"column":48}},"32":{"start":{"line":76,"column":4},"end":{"line":76,"column":16}},"33":{"start":{"line":79,"column":2},"end":{"line":81,"column":4}},"34":{"start":{"line":83,"column":2},"end":{"line":92,"column":3}},"35":{"start":{"line":84,"column":4},"end":{"line":84,"column":24}},"36":{"start":{"line":88,"column":4},"end":{"line":88,"column":31}},"37":{"start":{"line":90,"column":4},"end":{"line":90,"column":16}},"38":{"start":{"line":94,"column":2},"end":{"line":94,"column":13}},"39":{"start":{"line":98,"column":0},"end":{"line":136,"column":1}},"40":{"start":{"line":100,"column":2},"end":{"line":100,"column":45}},"41":{"start":{"line":101,"column":2},"end":{"line":101,"column":30}},"42":{"start":{"line":104,"column":2},"end":{"line":104,"column":55}},"43":{"start":{"line":106,"column":2},"end":{"line":130,"column":3}},"44":{"start":{"line":107,"column":4},"end":{"line":107,"column":66}},"45":{"start":{"line":111,"column":4},"end":{"line":113,"column":6}},"46":{"start":{"line":115,"column":4},"end":{"line":128,"column":6}},"47":{"start":{"line":117,"column":6},"end":{"line":117,"column":62}},"48":{"start":{"line":118,"column":6},"end":{"line":127,"column":7}},"49":{"start":{"line":119,"column":8},"end":{"line":119,"column":52}},"50":{"start":{"line":120,"column":8},"end":{"line":120,"column":35}},"51":{"start":{"line":134,"column":2},"end":{"line":134,"column":14}},"52":{"start":{"line":138,"column":0},"end":{"line":164,"column":1}},"53":{"start":{"line":140,"column":2},"end":{"line":140,"column":45}},"54":{"start":{"line":141,"column":2},"end":{"line":141,"column":30}},"55":{"start":{"line":144,"column":2},"end":{"line":144,"column":65}},"56":{"start":{"line":146,"column":2},"end":{"line":158,"column":74}},"57":{"start":{"line":148,"column":4},"end":{"line":150,"column":6}},"58":{"start":{"line":154,"column":4},"end":{"line":154,"column":29}},"59":{"start":{"line":158,"column":4},"end":{"line":158,"column":74}},"60":{"start":{"line":162,"column":2},"end":{"line":162,"column":14}},"61":{"start":{"line":166,"column":0},"end":{"line":176,"column":1}},"62":{"start":{"line":172,"column":2},"end":{"line":172,"column":52}},"63":{"start":{"line":172,"column":19},"end":{"line":172,"column":37}},"64":{"start":{"line":174,"column":2},"end":{"line":174,"column":14}},"65":{"start":{"line":178,"column":0},"end":{"line":178,"column":24}}},"branchMap":{"1":{"line":44,"type":"if","locations":[{"start":{"line":44,"column":8},"end":{"line":44,"column":8}},{"start":{"line":44,"column":8},"end":{"line":44,"column":8}}]},"2":{"line":44,"type":"binary-expr","locations":[{"start":{"line":44,"column":12},"end":{"line":44,"column":17}},{"start":{"line":45,"column":12},"end":{"line":45,"column":38}}]},"3":{"line":47,"type":"if","locations":[{"start":{"line":47,"column":13},"end":{"line":47,"column":13}},{"start":{"line":47,"column":13},"end":{"line":47,"column":13}}]},"4":{"line":106,"type":"if","locations":[{"start":{"line":106,"column":2},"end":{"line":106,"column":2}},{"start":{"line":106,"column":2},"end":{"line":106,"column":2}}]},"5":{"line":146,"type":"if","locations":[{"start":{"line":146,"column":2},"end":{"line":146,"column":2}},{"start":{"line":146,"column":2},"end":{"line":146,"column":2}}]}}},"/Users/fficnar/Projects/Shared Projects/JavaScript/rumil/server/library/log.js":{"path":"/Users/fficnar/Projects/Shared Projects/JavaScript/rumil/server/library/log.js","s":{"1":1,"2":1,"3":1,"4":1,"5":80,"6":80,"7":80,"8":1,"9":4,"10":4,"11":1,"12":5,"13":5,"14":1,"15":1,"16":1,"17":1,"18":1,"19":1,"20":1,"21":2,"22":2,"23":1,"24":2,"25":2,"26":1,"27":1},"b":{"1":[80,0]},"f":{"1":80,"2":4,"3":5,"4":1,"5":1,"6":2,"7":2},"fnMap":{"1":{"name":"(anonymous_1)","line":8,"loc":{"start":{"line":8,"column":13},"end":{"line":8,"column":31}}},"2":{"name":"(anonymous_2)","line":23,"loc":{"start":{"line":23,"column":17},"end":{"line":23,"column":43}}},"3":{"name":"(anonymous_3)","line":35,"loc":{"start":{"line":35,"column":20},"end":{"line":35,"column":31}}},"4":{"name":"(anonymous_4)","line":43,"loc":{"start":{"line":43,"column":14},"end":{"line":43,"column":46}}},"5":{"name":"(anonymous_5)","line":58,"loc":{"start":{"line":58,"column":17},"end":{"line":58,"column":32}}},"6":{"name":"(anonymous_6)","line":66,"loc":{"start":{"line":66,"column":14},"end":{"line":66,"column":31}}},"7":{"name":"(anonymous_7)","line":74,"loc":{"start":{"line":74,"column":11},"end":{"line":74,"column":36}}}},"statementMap":{"1":{"start":{"line":3,"column":0},"end":{"line":3,"column":33}},"2":{"start":{"line":4,"column":0},"end":{"line":4,"column":34}},"3":{"start":{"line":6,"column":0},"end":{"line":6,"column":32}},"4":{"start":{"line":8,"column":0},"end":{"line":21,"column":1}},"5":{"start":{"line":10,"column":2},"end":{"line":10,"column":28}},"6":{"start":{"line":13,"column":2},"end":{"line":13,"column":38}},"7":{"start":{"line":15,"column":2},"end":{"line":19,"column":69}},"8":{"start":{"line":23,"column":0},"end":{"line":33,"column":1}},"9":{"start":{"line":25,"column":2},"end":{"line":29,"column":4}},"10":{"start":{"line":31,"column":2},"end":{"line":31,"column":13}},"11":{"start":{"line":35,"column":0},"end":{"line":41,"column":1}},"12":{"start":{"line":37,"column":2},"end":{"line":37,"column":41}},"13":{"start":{"line":39,"column":2},"end":{"line":39,"column":13}},"14":{"start":{"line":43,"column":0},"end":{"line":56,"column":1}},"15":{"start":{"line":45,"column":2},"end":{"line":52,"column":4}},"16":{"start":{"line":54,"column":2},"end":{"line":54,"column":13}},"17":{"start":{"line":58,"column":0},"end":{"line":64,"column":1}},"18":{"start":{"line":60,"column":2},"end":{"line":60,"column":19}},"19":{"start":{"line":62,"column":2},"end":{"line":62,"column":13}},"20":{"start":{"line":66,"column":0},"end":{"line":72,"column":1}},"21":{"start":{"line":68,"column":2},"end":{"line":68,"column":78}},"22":{"start":{"line":70,"column":2},"end":{"line":70,"column":13}},"23":{"start":{"line":74,"column":0},"end":{"line":80,"column":1}},"24":{"start":{"line":76,"column":2},"end":{"line":76,"column":33}},"25":{"start":{"line":78,"column":2},"end":{"line":78,"column":13}},"26":{"start":{"line":82,"column":0},"end":{"line":82,"column":19}},"27":{"start":{"line":84,"column":0},"end":{"line":84,"column":20}}},"branchMap":{"1":{"line":19,"type":"cond-expr","locations":[{"start":{"line":19,"column":47},"end":{"line":19,"column":62}},{"start":{"line":19,"column":65},"end":{"line":19,"column":67}}]}}},"/Users/fficnar/Projects/Shared Projects/JavaScript/rumil/server/library/server.js":{"path":"/Users/fficnar/Projects/Shared Projects/JavaScript/rumil/server/library/server.js","s":{"1":1,"2":1,"3":1,"4":1,"5":1,"6":1,"7":1,"8":1,"9":1,"10":1,"11":1,"12":1,"13":1,"14":0,"15":0,"16":1,"17":1,"18":1,"19":1,"20":1,"21":1,"22":1,"23":1,"24":1},"b":{},"f":{"1":1},"fnMap":{"1":{"name":"(anonymous_1)","line":12,"loc":{"start":{"line":12,"column":22},"end":{"line":12,"column":56}}}},"statementMap":{"1":{"start":{"line":3,"column":0},"end":{"line":3,"column":34}},"2":{"start":{"line":5,"column":0},"end":{"line":5,"column":28}},"3":{"start":{"line":6,"column":0},"end":{"line":6,"column":45}},"4":{"start":{"line":7,"column":0},"end":{"line":7,"column":30}},"5":{"start":{"line":8,"column":0},"end":{"line":8,"column":36}},"6":{"start":{"line":10,"column":0},"end":{"line":10,"column":35}},"7":{"start":{"line":12,"column":0},"end":{"line":40,"column":1}},"8":{"start":{"line":14,"column":2},"end":{"line":14,"column":49}},"9":{"start":{"line":15,"column":2},"end":{"line":15,"column":40}},"10":{"start":{"line":16,"column":2},"end":{"line":16,"column":43}},"11":{"start":{"line":17,"column":2},"end":{"line":17,"column":43}},"12":{"start":{"line":19,"column":2},"end":{"line":21,"column":4}},"13":{"start":{"line":23,"column":2},"end":{"line":26,"column":4}},"14":{"start":{"line":24,"column":4},"end":{"line":24,"column":118}},"15":{"start":{"line":25,"column":4},"end":{"line":25,"column":24}},"16":{"start":{"line":28,"column":2},"end":{"line":28,"column":28}},"17":{"start":{"line":29,"column":2},"end":{"line":29,"column":35}},"18":{"start":{"line":30,"column":2},"end":{"line":30,"column":34}},"19":{"start":{"line":32,"column":2},"end":{"line":32,"column":29}},"20":{"start":{"line":34,"column":2},"end":{"line":34,"column":32}},"21":{"start":{"line":35,"column":2},"end":{"line":35,"column":54}},"22":{"start":{"line":36,"column":2},"end":{"line":36,"column":29}},"23":{"start":{"line":38,"column":2},"end":{"line":38,"column":15}},"24":{"start":{"line":42,"column":0},"end":{"line":42,"column":23}}},"branchMap":{}},"/Users/fficnar/Projects/Shared Projects/JavaScript/rumil/server/library/routes/authorize.js":{"path":"/Users/fficnar/Projects/Shared Projects/JavaScript/rumil/server/library/routes/authorize.js","s":{"1":1,"2":1,"3":1,"4":1,"5":1,"6":2,"7":2,"8":1,"9":3,"10":3,"11":3,"12":3,"13":3,"14":3,"15":3,"16":3,"17":2,"18":2,"19":1,"20":0,"21":0,"22":0,"23":1,"24":1,"25":1},"b":{"1":[1,2],"2":[3,2],"3":[2,1],"4":[0,0]},"f":{"1":1,"2":0},"fnMap":{"1":{"name":"(anonymous_1)","line":12,"loc":{"start":{"line":12,"column":21},"end":{"line":12,"column":30}}},"2":{"name":"(anonymous_2)","line":47,"loc":{"start":{"line":47,"column":16},"end":{"line":47,"column":33}}}},"statementMap":{"1":{"start":{"line":4,"column":0},"end":{"line":4,"column":33}},"2":{"start":{"line":6,"column":0},"end":{"line":6,"column":29}},"3":{"start":{"line":7,"column":0},"end":{"line":7,"column":31}},"4":{"start":{"line":8,"column":0},"end":{"line":8,"column":37}},"5":{"start":{"line":14,"column":4},"end":{"line":18,"column":6}},"6":{"start":{"line":16,"column":6},"end":{"line":16,"column":24}},"7":{"start":{"line":17,"column":6},"end":{"line":17,"column":12}},"8":{"start":{"line":20,"column":4},"end":{"line":67,"column":6}},"9":{"start":{"line":21,"column":6},"end":{"line":21,"column":139}},"10":{"start":{"line":23,"column":6},"end":{"line":23,"column":82}},"11":{"start":{"line":24,"column":6},"end":{"line":24,"column":84}},"12":{"start":{"line":26,"column":6},"end":{"line":26,"column":64}},"13":{"start":{"line":28,"column":6},"end":{"line":28,"column":56}},"14":{"start":{"line":30,"column":6},"end":{"line":30,"column":82}},"15":{"start":{"line":33,"column":6},"end":{"line":33,"column":55}},"16":{"start":{"line":35,"column":6},"end":{"line":65,"column":7}},"17":{"start":{"line":37,"column":8},"end":{"line":37,"column":45}},"18":{"start":{"line":40,"column":8},"end":{"line":40,"column":45}},"19":{"start":{"line":46,"column":8},"end":{"line":63,"column":12}},"20":{"start":{"line":54,"column":12},"end":{"line":54,"column":243}},"21":{"start":{"line":56,"column":12},"end":{"line":56,"column":69}},"22":{"start":{"line":57,"column":12},"end":{"line":57,"column":50}},"23":{"start":{"line":61,"column":12},"end":{"line":61,"column":32}},"24":{"start":{"line":62,"column":12},"end":{"line":62,"column":18}},"25":{"start":{"line":73,"column":0},"end":{"line":73,"column":26}}},"branchMap":{"1":{"line":30,"type":"cond-expr","locations":[{"start":{"line":30,"column":43},"end":{"line":30,"column":75}},{"start":{"line":30,"column":78},"end":{"line":30,"column":82}}]},"2":{"line":33,"type":"binary-expr","locations":[{"start":{"line":33,"column":42},"end":{"line":33,"column":48}},{"start":{"line":33,"column":52},"end":{"line":33,"column":54}}]},"3":{"line":35,"type":"if","locations":[{"start":{"line":35,"column":6},"end":{"line":35,"column":6}},{"start":{"line":35,"column":6},"end":{"line":35,"column":6}}]},"4":{"line":54,"type":"cond-expr","locations":[{"start":{"line":54,"column":158},"end":{"line":54,"column":198}},{"start":{"line":54,"column":201},"end":{"line":54,"column":203}}]}}},"/Users/fficnar/Projects/Shared Projects/JavaScript/rumil/server/library/handlers/log.js":{"path":"/Users/fficnar/Projects/Shared Projects/JavaScript/rumil/server/library/handlers/log.js","s":{"1":1,"2":1,"3":1,"4":1,"5":1,"6":22,"7":22,"8":1},"b":{},"f":{"1":1},"fnMap":{"1":{"name":"(anonymous_1)","line":8,"loc":{"start":{"line":8,"column":21},"end":{"line":8,"column":38}}}},"statementMap":{"1":{"start":{"line":3,"column":0},"end":{"line":3,"column":33}},"2":{"start":{"line":4,"column":0},"end":{"line":4,"column":30}},"3":{"start":{"line":6,"column":0},"end":{"line":6,"column":29}},"4":{"start":{"line":8,"column":0},"end":{"line":16,"column":1}},"5":{"start":{"line":10,"column":2},"end":{"line":14,"column":4}},"6":{"start":{"line":12,"column":4},"end":{"line":12,"column":53}},"7":{"start":{"line":13,"column":4},"end":{"line":13,"column":10}},"8":{"start":{"line":18,"column":0},"end":{"line":18,"column":20}}},"branchMap":{}},"/Users/fficnar/Projects/Shared Projects/JavaScript/rumil/server/library/routes/static.js":{"path":"/Users/fficnar/Projects/Shared Projects/JavaScript/rumil/server/library/routes/static.js","s":{"1":1,"2":1,"3":1,"4":1,"5":1,"6":1,"7":1,"8":1,"9":1,"10":1,"11":1,"12":1,"13":1,"14":1,"15":1,"16":1,"17":1,"18":1,"19":1,"20":1,"21":2,"22":2,"23":1,"24":2,"25":1,"26":1,"27":1,"28":1,"29":3,"30":1},"b":{},"f":{"1":1},"fnMap":{"1":{"name":"(anonymous_1)","line":12,"loc":{"start":{"line":12,"column":21},"end":{"line":12,"column":55}}}},"statementMap":{"1":{"start":{"line":3,"column":0},"end":{"line":3,"column":33}},"2":{"start":{"line":5,"column":0},"end":{"line":5,"column":31}},"3":{"start":{"line":7,"column":0},"end":{"line":7,"column":51}},"4":{"start":{"line":8,"column":0},"end":{"line":8,"column":37}},"5":{"start":{"line":14,"column":4},"end":{"line":17,"column":6}},"6":{"start":{"line":15,"column":6},"end":{"line":15,"column":24}},"7":{"start":{"line":16,"column":6},"end":{"line":16,"column":12}},"8":{"start":{"line":19,"column":4},"end":{"line":25,"column":6}},"9":{"start":{"line":20,"column":6},"end":{"line":24,"column":33}},"10":{"start":{"line":27,"column":4},"end":{"line":30,"column":6}},"11":{"start":{"line":28,"column":6},"end":{"line":28,"column":24}},"12":{"start":{"line":29,"column":6},"end":{"line":29,"column":12}},"13":{"start":{"line":32,"column":4},"end":{"line":34,"column":6}},"14":{"start":{"line":33,"column":6},"end":{"line":33,"column":48}},"15":{"start":{"line":36,"column":4},"end":{"line":39,"column":6}},"16":{"start":{"line":37,"column":6},"end":{"line":37,"column":24}},"17":{"start":{"line":38,"column":6},"end":{"line":38,"column":12}},"18":{"start":{"line":41,"column":4},"end":{"line":43,"column":6}},"19":{"start":{"line":42,"column":6},"end":{"line":42,"column":48}},"20":{"start":{"line":45,"column":4},"end":{"line":48,"column":6}},"21":{"start":{"line":46,"column":6},"end":{"line":46,"column":24}},"22":{"start":{"line":47,"column":6},"end":{"line":47,"column":12}},"23":{"start":{"line":50,"column":4},"end":{"line":56,"column":6}},"24":{"start":{"line":51,"column":6},"end":{"line":55,"column":33}},"25":{"start":{"line":58,"column":4},"end":{"line":61,"column":6}},"26":{"start":{"line":59,"column":6},"end":{"line":59,"column":24}},"27":{"start":{"line":60,"column":6},"end":{"line":60,"column":12}},"28":{"start":{"line":63,"column":4},"end":{"line":69,"column":6}},"29":{"start":{"line":64,"column":6},"end":{"line":68,"column":33}},"30":{"start":{"line":75,"column":0},"end":{"line":75,"column":23}}},"branchMap":{}},"/Users/fficnar/Projects/Shared Projects/JavaScript/rumil/server/library/routes/status.js":{"path":"/Users/fficnar/Projects/Shared Projects/JavaScript/rumil/server/library/routes/status.js","s":{"1":1,"2":1,"3":1,"4":1,"5":1,"6":1,"7":1,"8":2,"9":2,"10":2,"11":2,"12":1},"b":{},"f":{"1":1},"fnMap":{"1":{"name":"(anonymous_1)","line":10,"loc":{"start":{"line":10,"column":21},"end":{"line":10,"column":30}}}},"statementMap":{"1":{"start":{"line":3,"column":0},"end":{"line":3,"column":44}},"2":{"start":{"line":4,"column":0},"end":{"line":4,"column":48}},"3":{"start":{"line":6,"column":0},"end":{"line":6,"column":37}},"4":{"start":{"line":12,"column":4},"end":{"line":15,"column":6}},"5":{"start":{"line":13,"column":6},"end":{"line":13,"column":24}},"6":{"start":{"line":14,"column":6},"end":{"line":14,"column":12}},"7":{"start":{"line":17,"column":4},"end":{"line":35,"column":6}},"8":{"start":{"line":19,"column":6},"end":{"line":19,"column":40}},"9":{"start":{"line":21,"column":6},"end":{"line":30,"column":7}},"10":{"start":{"line":32,"column":6},"end":{"line":32,"column":27}},"11":{"start":{"line":33,"column":6},"end":{"line":33,"column":12}},"12":{"start":{"line":41,"column":0},"end":{"line":41,"column":23}}},"branchMap":{}},"/Users/fficnar/Projects/Shared Projects/JavaScript/rumil/server/library/routes/systems/github-authorize.js":{"path":"/Users/fficnar/Projects/Shared Projects/JavaScript/rumil/server/library/routes/systems/github-authorize.js","s":{"1":1,"2":1,"3":1,"4":3,"5":2,"6":1,"7":1},"b":{"1":[2,1]},"f":{"1":3,"2":2,"3":1},"fnMap":{"1":{"name":"(anonymous_1)","line":10,"loc":{"start":{"line":10,"column":13},"end":{"line":10,"column":27}}},"2":{"name":"(anonymous_2)","line":22,"loc":{"start":{"line":22,"column":8},"end":{"line":22,"column":11}}},"3":{"name":"(anonymous_3)","line":26,"loc":{"start":{"line":26,"column":10},"end":{"line":26,"column":16}}}},"statementMap":{"1":{"start":{"line":3,"column":0},"end":{"line":3,"column":43}},"2":{"start":{"line":5,"column":0},"end":{"line":5,"column":32}},"3":{"start":{"line":6,"column":0},"end":{"line":6,"column":40}},"4":{"start":{"line":11,"column":4},"end":{"line":19,"column":6}},"5":{"start":{"line":23,"column":4},"end":{"line":23,"column":29}},"6":{"start":{"line":27,"column":4},"end":{"line":27,"column":34}},"7":{"start":{"line":32,"column":0},"end":{"line":32,"column":32}}},"branchMap":{"1":{"line":17,"type":"cond-expr","locations":[{"start":{"line":17,"column":94},"end":{"line":17,"column":96}},{"start":{"line":17,"column":99},"end":{"line":17,"column":139}}]}}}}