{"/Users/fficnar/Projects/Shared Projects/JavaScript/rumil/server/library/file-system.js":{"path":"/Users/fficnar/Projects/Shared Projects/JavaScript/rumil/server/library/file-system.js","s":{"1":1,"2":1,"3":1,"4":1,"5":1,"6":1,"7":1,"8":1,"9":1,"10":1,"11":1,"12":17,"13":17,"14":15,"15":2,"16":1,"17":5,"18":5,"19":5,"20":5,"21":12,"22":1,"23":5,"24":5,"25":5,"26":5,"27":69,"28":69,"29":4,"30":65,"31":1,"32":1,"33":1,"34":1,"35":1,"36":1,"37":1,"38":1,"39":1},"b":{"1":[15,2],"2":[4,65]},"f":{"1":17,"2":5,"3":5},"fnMap":{"1":{"name":"(anonymous_1)","line":19,"loc":{"start":{"line":19,"column":26},"end":{"line":19,"column":57}}},"2":{"name":"(anonymous_2)","line":34,"loc":{"start":{"line":34,"column":28},"end":{"line":34,"column":69}}},"3":{"name":"(anonymous_3)","line":45,"loc":{"start":{"line":45,"column":31},"end":{"line":45,"column":72}}}},"statementMap":{"1":{"start":{"line":3,"column":0},"end":{"line":3,"column":35}},"2":{"start":{"line":4,"column":0},"end":{"line":4,"column":33}},"3":{"start":{"line":5,"column":0},"end":{"line":5,"column":43}},"4":{"start":{"line":6,"column":0},"end":{"line":6,"column":30}},"5":{"start":{"line":9,"column":0},"end":{"line":9,"column":30}},"6":{"start":{"line":11,"column":0},"end":{"line":11,"column":56}},"7":{"start":{"line":12,"column":0},"end":{"line":12,"column":54}},"8":{"start":{"line":14,"column":0},"end":{"line":14,"column":43}},"9":{"start":{"line":16,"column":0},"end":{"line":16,"column":29}},"10":{"start":{"line":17,"column":0},"end":{"line":17,"column":24}},"11":{"start":{"line":19,"column":0},"end":{"line":26,"column":1}},"12":{"start":{"line":20,"column":2},"end":{"line":25,"column":4}},"13":{"start":{"line":21,"column":4},"end":{"line":24,"column":39}},"14":{"start":{"line":22,"column":6},"end":{"line":22,"column":16}},"15":{"start":{"line":24,"column":6},"end":{"line":24,"column":39}},"16":{"start":{"line":34,"column":0},"end":{"line":43,"column":1}},"17":{"start":{"line":36,"column":2},"end":{"line":36,"column":30}},"18":{"start":{"line":37,"column":2},"end":{"line":37,"column":38}},"19":{"start":{"line":39,"column":2},"end":{"line":39,"column":105}},"20":{"start":{"line":41,"column":2},"end":{"line":41,"column":113}},"21":{"start":{"line":41,"column":62},"end":{"line":41,"column":112}},"22":{"start":{"line":45,"column":0},"end":{"line":61,"column":1}},"23":{"start":{"line":47,"column":2},"end":{"line":47,"column":30}},"24":{"start":{"line":48,"column":2},"end":{"line":48,"column":38}},"25":{"start":{"line":50,"column":2},"end":{"line":50,"column":108}},"26":{"start":{"line":52,"column":2},"end":{"line":59,"column":4}},"27":{"start":{"line":53,"column":4},"end":{"line":58,"column":6}},"28":{"start":{"line":54,"column":6},"end":{"line":57,"column":74}},"29":{"start":{"line":55,"column":8},"end":{"line":55,"column":18}},"30":{"start":{"line":57,"column":8},"end":{"line":57,"column":74}},"31":{"start":{"line":63,"column":0},"end":{"line":63,"column":23}},"32":{"start":{"line":64,"column":0},"end":{"line":64,"column":56}},"33":{"start":{"line":65,"column":0},"end":{"line":65,"column":68}},"34":{"start":{"line":66,"column":0},"end":{"line":66,"column":56}},"35":{"start":{"line":67,"column":0},"end":{"line":67,"column":60}},"36":{"start":{"line":68,"column":0},"end":{"line":68,"column":54}},"37":{"start":{"line":69,"column":0},"end":{"line":69,"column":56}},"38":{"start":{"line":70,"column":0},"end":{"line":70,"column":62}},"39":{"start":{"line":73,"column":0},"end":{"line":73,"column":27}}},"branchMap":{"1":{"line":21,"type":"if","locations":[{"start":{"line":21,"column":4},"end":{"line":21,"column":4}},{"start":{"line":21,"column":4},"end":{"line":21,"column":4}}]},"2":{"line":54,"type":"if","locations":[{"start":{"line":54,"column":6},"end":{"line":54,"column":6}},{"start":{"line":54,"column":6},"end":{"line":54,"column":6}}]}}},"/Users/fficnar/Projects/Shared Projects/JavaScript/rumil/server/library/path.js":{"path":"/Users/fficnar/Projects/Shared Projects/JavaScript/rumil/server/library/path.js","s":{"1":1,"2":1,"3":1,"4":1,"5":1,"6":1,"7":91,"8":91,"9":1},"b":{"1":[1,0]},"f":{"1":1,"2":91},"fnMap":{"1":{"name":"(anonymous_1)","line":8,"loc":{"start":{"line":8,"column":15},"end":{"line":8,"column":31}}},"2":{"name":"(anonymous_2)","line":12,"loc":{"start":{"line":12,"column":12},"end":{"line":12,"column":27}}}},"statementMap":{"1":{"start":{"line":3,"column":0},"end":{"line":3,"column":29}},"2":{"start":{"line":4,"column":0},"end":{"line":4,"column":39}},"3":{"start":{"line":6,"column":0},"end":{"line":6,"column":31}},"4":{"start":{"line":8,"column":0},"end":{"line":10,"column":1}},"5":{"start":{"line":9,"column":2},"end":{"line":9,"column":53}},"6":{"start":{"line":12,"column":0},"end":{"line":15,"column":1}},"7":{"start":{"line":13,"column":2},"end":{"line":13,"column":38}},"8":{"start":{"line":14,"column":2},"end":{"line":14,"column":41}},"9":{"start":{"line":17,"column":0},"end":{"line":17,"column":21}}},"branchMap":{"1":{"line":9,"type":"cond-expr","locations":[{"start":{"line":9,"column":33},"end":{"line":9,"column":37}},{"start":{"line":9,"column":40},"end":{"line":9,"column":53}}]}}},"/Users/fficnar/Projects/Shared Projects/JavaScript/rumil/server/library/errors/argument-error.js":{"path":"/Users/fficnar/Projects/Shared Projects/JavaScript/rumil/server/library/errors/argument-error.js","s":{"1":1,"2":68,"3":68,"4":68,"5":1,"6":1,"7":1,"8":1},"b":{},"f":{"1":68},"fnMap":{"1":{"name":"ArgumentError","line":3,"loc":{"start":{"line":3,"column":0},"end":{"line":3,"column":32}}}},"statementMap":{"1":{"start":{"line":3,"column":0},"end":{"line":10,"column":1}},"2":{"start":{"line":5,"column":2},"end":{"line":5,"column":18}},"3":{"start":{"line":6,"column":2},"end":{"line":6,"column":46}},"4":{"start":{"line":8,"column":2},"end":{"line":8,"column":24}},"5":{"start":{"line":12,"column":0},"end":{"line":12,"column":56}},"6":{"start":{"line":13,"column":0},"end":{"line":13,"column":51}},"7":{"start":{"line":14,"column":0},"end":{"line":14,"column":49}},"8":{"start":{"line":16,"column":0},"end":{"line":16,"column":30}}},"branchMap":{}},"/Users/fficnar/Projects/Shared Projects/JavaScript/rumil/server/library/errors/process-error.js":{"path":"/Users/fficnar/Projects/Shared Projects/JavaScript/rumil/server/library/errors/process-error.js","s":{"1":1,"2":3,"3":3,"4":3,"5":3,"6":1,"7":1,"8":1,"9":1},"b":{},"f":{"1":3},"fnMap":{"1":{"name":"ProcessError","line":3,"loc":{"start":{"line":3,"column":0},"end":{"line":3,"column":37}}}},"statementMap":{"1":{"start":{"line":3,"column":0},"end":{"line":11,"column":1}},"2":{"start":{"line":5,"column":2},"end":{"line":5,"column":18}},"3":{"start":{"line":6,"column":2},"end":{"line":6,"column":45}},"4":{"start":{"line":8,"column":2},"end":{"line":8,"column":24}},"5":{"start":{"line":9,"column":2},"end":{"line":9,"column":18}},"6":{"start":{"line":13,"column":0},"end":{"line":13,"column":55}},"7":{"start":{"line":14,"column":0},"end":{"line":14,"column":49}},"8":{"start":{"line":15,"column":0},"end":{"line":15,"column":47}},"9":{"start":{"line":17,"column":0},"end":{"line":17,"column":29}}},"branchMap":{}},"/Users/fficnar/Projects/Shared Projects/JavaScript/rumil/server/library/process.js":{"path":"/Users/fficnar/Projects/Shared Projects/JavaScript/rumil/server/library/process.js","s":{"1":1,"2":1,"3":1,"4":1,"5":1,"6":1,"7":1,"8":12,"9":12,"10":12,"11":12,"12":87,"13":87,"14":87,"15":75,"16":75,"17":12,"18":3,"19":3,"20":9,"21":9,"22":12,"23":1,"24":9,"25":9,"26":9,"27":9,"28":3,"29":6,"30":6,"31":6,"32":3,"33":3,"34":3,"35":1,"36":2,"37":2,"38":2,"39":2,"40":1,"41":1,"42":1,"43":0,"44":0,"45":0,"46":0,"47":1,"48":1,"49":3,"50":3,"51":3,"52":3,"53":1,"54":1,"55":2,"56":1,"57":1,"58":0,"59":0,"60":0,"61":0,"62":0,"63":1},"b":{"1":[75,12],"2":[87,78],"3":[3,9],"4":[1,1],"5":[1,2]},"f":{"1":12,"2":87,"3":9,"4":2,"5":3,"6":0},"fnMap":{"1":{"name":"(anonymous_1)","line":17,"loc":{"start":{"line":17,"column":15},"end":{"line":17,"column":58}}},"2":{"name":"(anonymous_2)","line":25,"loc":{"start":{"line":25,"column":19},"end":{"line":25,"column":35}}},"3":{"name":"(anonymous_3)","line":51,"loc":{"start":{"line":51,"column":20},"end":{"line":51,"column":35}}},"4":{"name":"(anonymous_4)","line":78,"loc":{"start":{"line":78,"column":20},"end":{"line":78,"column":35}}},"5":{"name":"(anonymous_5)","line":109,"loc":{"start":{"line":109,"column":18},"end":{"line":109,"column":52}}},"6":{"name":"(anonymous_6)","line":132,"loc":{"start":{"line":132,"column":15},"end":{"line":132,"column":34}}}},"statementMap":{"1":{"start":{"line":3,"column":0},"end":{"line":3,"column":43}},"2":{"start":{"line":4,"column":0},"end":{"line":4,"column":30}},"3":{"start":{"line":6,"column":0},"end":{"line":6,"column":56}},"4":{"start":{"line":7,"column":0},"end":{"line":7,"column":54}},"5":{"start":{"line":9,"column":0},"end":{"line":9,"column":25}},"6":{"start":{"line":11,"column":0},"end":{"line":11,"column":36}},"7":{"start":{"line":17,"column":0},"end":{"line":49,"column":1}},"8":{"start":{"line":19,"column":2},"end":{"line":19,"column":30}},"9":{"start":{"line":21,"column":2},"end":{"line":21,"column":79}},"10":{"start":{"line":23,"column":2},"end":{"line":47,"column":4}},"11":{"start":{"line":25,"column":4},"end":{"line":43,"column":5}},"12":{"start":{"line":27,"column":6},"end":{"line":27,"column":41}},"13":{"start":{"line":29,"column":6},"end":{"line":41,"column":8}},"14":{"start":{"line":30,"column":8},"end":{"line":40,"column":9}},"15":{"start":{"line":32,"column":10},"end":{"line":32,"column":52}},"16":{"start":{"line":32,"column":27},"end":{"line":32,"column":42}},"17":{"start":{"line":33,"column":13},"end":{"line":40,"column":9}},"18":{"start":{"line":34,"column":10},"end":{"line":34,"column":109}},"19":{"start":{"line":35,"column":10},"end":{"line":35,"column":56}},"20":{"start":{"line":38,"column":10},"end":{"line":38,"column":87}},"21":{"start":{"line":39,"column":10},"end":{"line":39,"column":19}},"22":{"start":{"line":45,"column":4},"end":{"line":45,"column":24}},"23":{"start":{"line":51,"column":0},"end":{"line":76,"column":1}},"24":{"start":{"line":53,"column":2},"end":{"line":53,"column":45}},"25":{"start":{"line":54,"column":2},"end":{"line":54,"column":30}},"26":{"start":{"line":56,"column":2},"end":{"line":61,"column":3}},"27":{"start":{"line":57,"column":4},"end":{"line":57,"column":48}},"28":{"start":{"line":60,"column":4},"end":{"line":60,"column":16}},"29":{"start":{"line":63,"column":2},"end":{"line":65,"column":4}},"30":{"start":{"line":67,"column":2},"end":{"line":72,"column":3}},"31":{"start":{"line":68,"column":4},"end":{"line":68,"column":24}},"32":{"start":{"line":70,"column":4},"end":{"line":70,"column":31}},"33":{"start":{"line":71,"column":4},"end":{"line":71,"column":16}},"34":{"start":{"line":74,"column":2},"end":{"line":74,"column":13}},"35":{"start":{"line":78,"column":0},"end":{"line":107,"column":1}},"36":{"start":{"line":80,"column":2},"end":{"line":80,"column":45}},"37":{"start":{"line":81,"column":2},"end":{"line":81,"column":30}},"38":{"start":{"line":83,"column":2},"end":{"line":83,"column":55}},"39":{"start":{"line":85,"column":2},"end":{"line":103,"column":3}},"40":{"start":{"line":86,"column":4},"end":{"line":86,"column":66}},"41":{"start":{"line":89,"column":4},"end":{"line":91,"column":6}},"42":{"start":{"line":93,"column":4},"end":{"line":101,"column":6}},"43":{"start":{"line":94,"column":6},"end":{"line":94,"column":83}},"44":{"start":{"line":95,"column":6},"end":{"line":100,"column":7}},"45":{"start":{"line":96,"column":8},"end":{"line":96,"column":52}},"46":{"start":{"line":97,"column":8},"end":{"line":97,"column":35}},"47":{"start":{"line":105,"column":2},"end":{"line":105,"column":14}},"48":{"start":{"line":109,"column":0},"end":{"line":130,"column":1}},"49":{"start":{"line":111,"column":2},"end":{"line":111,"column":45}},"50":{"start":{"line":112,"column":2},"end":{"line":112,"column":30}},"51":{"start":{"line":114,"column":2},"end":{"line":114,"column":65}},"52":{"start":{"line":116,"column":2},"end":{"line":126,"column":74}},"53":{"start":{"line":118,"column":4},"end":{"line":120,"column":6}},"54":{"start":{"line":122,"column":4},"end":{"line":122,"column":29}},"55":{"start":{"line":126,"column":4},"end":{"line":126,"column":74}},"56":{"start":{"line":128,"column":2},"end":{"line":128,"column":14}},"57":{"start":{"line":132,"column":0},"end":{"line":142,"column":1}},"58":{"start":{"line":134,"column":2},"end":{"line":134,"column":30}},"59":{"start":{"line":136,"column":2},"end":{"line":136,"column":43}},"60":{"start":{"line":138,"column":2},"end":{"line":138,"column":52}},"61":{"start":{"line":138,"column":19},"end":{"line":138,"column":37}},"62":{"start":{"line":140,"column":2},"end":{"line":140,"column":14}},"63":{"start":{"line":144,"column":0},"end":{"line":144,"column":24}}},"branchMap":{"1":{"line":30,"type":"if","locations":[{"start":{"line":30,"column":8},"end":{"line":30,"column":8}},{"start":{"line":30,"column":8},"end":{"line":30,"column":8}}]},"2":{"line":30,"type":"binary-expr","locations":[{"start":{"line":30,"column":12},"end":{"line":30,"column":17}},{"start":{"line":31,"column":12},"end":{"line":31,"column":38}}]},"3":{"line":33,"type":"if","locations":[{"start":{"line":33,"column":13},"end":{"line":33,"column":13}},{"start":{"line":33,"column":13},"end":{"line":33,"column":13}}]},"4":{"line":85,"type":"if","locations":[{"start":{"line":85,"column":2},"end":{"line":85,"column":2}},{"start":{"line":85,"column":2},"end":{"line":85,"column":2}}]},"5":{"line":116,"type":"if","locations":[{"start":{"line":116,"column":2},"end":{"line":116,"column":2}},{"start":{"line":116,"column":2},"end":{"line":116,"column":2}}]}}},"/Users/fficnar/Projects/Shared Projects/JavaScript/rumil/server/library/log.js":{"path":"/Users/fficnar/Projects/Shared Projects/JavaScript/rumil/server/library/log.js","s":{"1":1,"2":1,"3":1,"4":1,"5":1,"6":1,"7":122,"8":122,"9":122,"10":0,"11":0,"12":119,"13":119,"14":3,"15":122,"16":1,"17":4,"18":4,"19":1,"20":5,"21":5,"22":1,"23":1,"24":1,"25":1,"26":1,"27":1,"28":1,"29":0,"30":0,"31":0,"32":0,"33":0,"34":0,"35":0,"36":0,"37":0,"38":0,"39":0,"40":0,"41":0,"42":1,"43":2,"44":2,"45":1,"46":1},"b":{"1":[0,119,3],"2":[2,117],"3":[122,0],"4":[0,0,0]},"f":{"1":122,"2":4,"3":5,"4":1,"5":1,"6":0,"7":2},"fnMap":{"1":{"name":"(anonymous_1)","line":10,"loc":{"start":{"line":10,"column":13},"end":{"line":10,"column":37}}},"2":{"name":"(anonymous_2)","line":44,"loc":{"start":{"line":44,"column":17},"end":{"line":44,"column":43}}},"3":{"name":"(anonymous_3)","line":56,"loc":{"start":{"line":56,"column":20},"end":{"line":56,"column":31}}},"4":{"name":"(anonymous_4)","line":61,"loc":{"start":{"line":61,"column":14},"end":{"line":61,"column":46}}},"5":{"name":"(anonymous_5)","line":76,"loc":{"start":{"line":76,"column":17},"end":{"line":76,"column":32}}},"6":{"name":"(anonymous_6)","line":81,"loc":{"start":{"line":81,"column":14},"end":{"line":81,"column":38}}},"7":{"name":"(anonymous_7)","line":106,"loc":{"start":{"line":106,"column":11},"end":{"line":106,"column":37}}}},"statementMap":{"1":{"start":{"line":3,"column":0},"end":{"line":3,"column":29}},"2":{"start":{"line":4,"column":0},"end":{"line":4,"column":26}},"3":{"start":{"line":5,"column":0},"end":{"line":5,"column":33}},"4":{"start":{"line":6,"column":0},"end":{"line":6,"column":34}},"5":{"start":{"line":8,"column":0},"end":{"line":8,"column":32}},"6":{"start":{"line":10,"column":0},"end":{"line":42,"column":1}},"7":{"start":{"line":12,"column":2},"end":{"line":12,"column":38}},"8":{"start":{"line":14,"column":2},"end":{"line":14,"column":20}},"9":{"start":{"line":16,"column":2},"end":{"line":34,"column":3}},"10":{"start":{"line":18,"column":6},"end":{"line":21,"column":7}},"11":{"start":{"line":22,"column":6},"end":{"line":22,"column":11}},"12":{"start":{"line":24,"column":6},"end":{"line":27,"column":23}},"13":{"start":{"line":28,"column":6},"end":{"line":28,"column":11}},"14":{"start":{"line":30,"column":6},"end":{"line":33,"column":7}},"15":{"start":{"line":36,"column":2},"end":{"line":40,"column":69}},"16":{"start":{"line":44,"column":0},"end":{"line":54,"column":1}},"17":{"start":{"line":46,"column":2},"end":{"line":50,"column":4}},"18":{"start":{"line":52,"column":2},"end":{"line":52,"column":13}},"19":{"start":{"line":56,"column":0},"end":{"line":59,"column":1}},"20":{"start":{"line":57,"column":2},"end":{"line":57,"column":41}},"21":{"start":{"line":58,"column":2},"end":{"line":58,"column":13}},"22":{"start":{"line":61,"column":0},"end":{"line":74,"column":1}},"23":{"start":{"line":63,"column":2},"end":{"line":70,"column":4}},"24":{"start":{"line":72,"column":2},"end":{"line":72,"column":13}},"25":{"start":{"line":76,"column":0},"end":{"line":79,"column":1}},"26":{"start":{"line":77,"column":2},"end":{"line":77,"column":19}},"27":{"start":{"line":78,"column":2},"end":{"line":78,"column":13}},"28":{"start":{"line":81,"column":0},"end":{"line":104,"column":1}},"29":{"start":{"line":83,"column":2},"end":{"line":83,"column":18}},"30":{"start":{"line":84,"column":2},"end":{"line":84,"column":19}},"31":{"start":{"line":86,"column":2},"end":{"line":98,"column":3}},"32":{"start":{"line":88,"column":6},"end":{"line":88,"column":21}},"33":{"start":{"line":89,"column":6},"end":{"line":89,"column":19}},"34":{"start":{"line":90,"column":6},"end":{"line":90,"column":11}},"35":{"start":{"line":92,"column":6},"end":{"line":92,"column":21}},"36":{"start":{"line":93,"column":6},"end":{"line":93,"column":28}},"37":{"start":{"line":94,"column":6},"end":{"line":94,"column":11}},"38":{"start":{"line":96,"column":6},"end":{"line":96,"column":27}},"39":{"start":{"line":97,"column":6},"end":{"line":97,"column":28}},"40":{"start":{"line":100,"column":2},"end":{"line":100,"column":85}},"41":{"start":{"line":102,"column":2},"end":{"line":102,"column":13}},"42":{"start":{"line":106,"column":0},"end":{"line":109,"column":1}},"43":{"start":{"line":107,"column":2},"end":{"line":107,"column":33}},"44":{"start":{"line":108,"column":2},"end":{"line":108,"column":13}},"45":{"start":{"line":111,"column":0},"end":{"line":111,"column":19}},"46":{"start":{"line":113,"column":0},"end":{"line":113,"column":20}}},"branchMap":{"1":{"line":16,"type":"switch","locations":[{"start":{"line":17,"column":4},"end":{"line":22,"column":11}},{"start":{"line":23,"column":4},"end":{"line":28,"column":11}},{"start":{"line":29,"column":4},"end":{"line":33,"column":7}}]},"2":{"line":24,"type":"cond-expr","locations":[{"start":{"line":24,"column":43},"end":{"line":27,"column":7}},{"start":{"line":27,"column":10},"end":{"line":27,"column":23}}]},"3":{"line":40,"type":"cond-expr","locations":[{"start":{"line":40,"column":47},"end":{"line":40,"column":62}},{"start":{"line":40,"column":65},"end":{"line":40,"column":67}}]},"4":{"line":86,"type":"switch","locations":[{"start":{"line":87,"column":4},"end":{"line":90,"column":11}},{"start":{"line":91,"column":4},"end":{"line":94,"column":11}},{"start":{"line":95,"column":4},"end":{"line":97,"column":28}}]}}},"/Users/fficnar/Projects/Shared Projects/JavaScript/rumil/server/library/server.js":{"path":"/Users/fficnar/Projects/Shared Projects/JavaScript/rumil/server/library/server.js","s":{"1":1,"2":1,"3":1,"4":1,"5":1,"6":1,"7":1,"8":1,"9":1,"10":1,"11":1,"12":1,"13":1,"14":0,"15":0,"16":1,"17":1,"18":1,"19":1,"20":1,"21":1,"22":1,"23":1,"24":1},"b":{},"f":{"1":1},"fnMap":{"1":{"name":"(anonymous_1)","line":12,"loc":{"start":{"line":12,"column":22},"end":{"line":12,"column":56}}}},"statementMap":{"1":{"start":{"line":3,"column":0},"end":{"line":3,"column":34}},"2":{"start":{"line":5,"column":0},"end":{"line":5,"column":28}},"3":{"start":{"line":6,"column":0},"end":{"line":6,"column":45}},"4":{"start":{"line":7,"column":0},"end":{"line":7,"column":30}},"5":{"start":{"line":8,"column":0},"end":{"line":8,"column":36}},"6":{"start":{"line":10,"column":0},"end":{"line":10,"column":35}},"7":{"start":{"line":12,"column":0},"end":{"line":42,"column":1}},"8":{"start":{"line":14,"column":2},"end":{"line":14,"column":57}},"9":{"start":{"line":15,"column":2},"end":{"line":15,"column":40}},"10":{"start":{"line":17,"column":2},"end":{"line":17,"column":43}},"11":{"start":{"line":18,"column":2},"end":{"line":18,"column":43}},"12":{"start":{"line":20,"column":2},"end":{"line":22,"column":4}},"13":{"start":{"line":24,"column":2},"end":{"line":27,"column":4}},"14":{"start":{"line":25,"column":4},"end":{"line":25,"column":118}},"15":{"start":{"line":26,"column":4},"end":{"line":26,"column":24}},"16":{"start":{"line":29,"column":2},"end":{"line":29,"column":27}},"17":{"start":{"line":30,"column":2},"end":{"line":30,"column":34}},"18":{"start":{"line":31,"column":2},"end":{"line":31,"column":33}},"19":{"start":{"line":33,"column":2},"end":{"line":33,"column":29}},"20":{"start":{"line":35,"column":2},"end":{"line":35,"column":36}},"21":{"start":{"line":37,"column":2},"end":{"line":37,"column":54}},"22":{"start":{"line":38,"column":2},"end":{"line":38,"column":29}},"23":{"start":{"line":40,"column":2},"end":{"line":40,"column":15}},"24":{"start":{"line":44,"column":0},"end":{"line":44,"column":23}}},"branchMap":{}},"/Users/fficnar/Projects/Shared Projects/JavaScript/rumil/server/library/routes/authorization.js":{"path":"/Users/fficnar/Projects/Shared Projects/JavaScript/rumil/server/library/routes/authorization.js","s":{"1":1,"2":1,"3":1,"4":1,"5":1,"6":1,"7":2,"8":2,"9":2,"10":1,"11":6,"12":6,"13":6,"14":6,"15":6,"16":6,"17":5,"18":5,"19":5,"20":5,"21":5,"22":5,"23":5,"24":1},"b":{},"f":{"1":1,"2":6},"fnMap":{"1":{"name":"(anonymous_1)","line":12,"loc":{"start":{"line":12,"column":21},"end":{"line":12,"column":30}}},"2":{"name":"(anonymous_2)","line":20,"loc":{"start":{"line":20,"column":49},"end":{"line":20,"column":85}}}},"statementMap":{"1":{"start":{"line":3,"column":0},"end":{"line":3,"column":24}},"2":{"start":{"line":4,"column":0},"end":{"line":4,"column":33}},"3":{"start":{"line":6,"column":0},"end":{"line":6,"column":29}},"4":{"start":{"line":7,"column":0},"end":{"line":7,"column":31}},"5":{"start":{"line":8,"column":0},"end":{"line":8,"column":37}},"6":{"start":{"line":14,"column":4},"end":{"line":18,"column":6}},"7":{"start":{"line":15,"column":6},"end":{"line":15,"column":97}},"8":{"start":{"line":16,"column":6},"end":{"line":16,"column":24}},"9":{"start":{"line":17,"column":6},"end":{"line":17,"column":12}},"10":{"start":{"line":20,"column":4},"end":{"line":46,"column":7}},"11":{"start":{"line":21,"column":6},"end":{"line":21,"column":158}},"12":{"start":{"line":23,"column":6},"end":{"line":44,"column":7}},"13":{"start":{"line":25,"column":8},"end":{"line":25,"column":92}},"14":{"start":{"line":26,"column":8},"end":{"line":26,"column":94}},"15":{"start":{"line":28,"column":8},"end":{"line":28,"column":70}},"16":{"start":{"line":29,"column":8},"end":{"line":29,"column":68}},"17":{"start":{"line":31,"column":8},"end":{"line":31,"column":82}},"18":{"start":{"line":33,"column":8},"end":{"line":33,"column":45}},"19":{"start":{"line":37,"column":8},"end":{"line":37,"column":160}},"20":{"start":{"line":38,"column":8},"end":{"line":38,"column":56}},"21":{"start":{"line":39,"column":8},"end":{"line":39,"column":61}},"22":{"start":{"line":41,"column":8},"end":{"line":41,"column":28}},"23":{"start":{"line":42,"column":8},"end":{"line":42,"column":14}},"24":{"start":{"line":52,"column":0},"end":{"line":52,"column":30}}},"branchMap":{}},"/Users/fficnar/Projects/Shared Projects/JavaScript/rumil/server/library/handlers/log.js":{"path":"/Users/fficnar/Projects/Shared Projects/JavaScript/rumil/server/library/handlers/log.js","s":{"1":1,"2":1,"3":1,"4":1,"5":1,"6":26,"7":26,"8":1},"b":{},"f":{"1":1},"fnMap":{"1":{"name":"(anonymous_1)","line":8,"loc":{"start":{"line":8,"column":21},"end":{"line":8,"column":38}}}},"statementMap":{"1":{"start":{"line":3,"column":0},"end":{"line":3,"column":33}},"2":{"start":{"line":4,"column":0},"end":{"line":4,"column":30}},"3":{"start":{"line":6,"column":0},"end":{"line":6,"column":29}},"4":{"start":{"line":8,"column":0},"end":{"line":16,"column":1}},"5":{"start":{"line":10,"column":2},"end":{"line":14,"column":4}},"6":{"start":{"line":12,"column":4},"end":{"line":12,"column":54}},"7":{"start":{"line":13,"column":4},"end":{"line":13,"column":10}},"8":{"start":{"line":18,"column":0},"end":{"line":18,"column":20}}},"branchMap":{}},"/Users/fficnar/Projects/Shared Projects/JavaScript/rumil/server/library/routes/static.js":{"path":"/Users/fficnar/Projects/Shared Projects/JavaScript/rumil/server/library/routes/static.js","s":{"1":1,"2":1,"3":1,"4":1,"5":1,"6":1,"7":1,"8":1,"9":1,"10":1,"11":1,"12":1,"13":1,"14":1,"15":1,"16":1,"17":1,"18":1,"19":1,"20":1,"21":1,"22":2,"23":2,"24":1,"25":2,"26":1,"27":1,"28":1,"29":1,"30":4,"31":1},"b":{},"f":{"1":1},"fnMap":{"1":{"name":"(anonymous_1)","line":13,"loc":{"start":{"line":13,"column":21},"end":{"line":13,"column":55}}}},"statementMap":{"1":{"start":{"line":3,"column":0},"end":{"line":3,"column":33}},"2":{"start":{"line":5,"column":0},"end":{"line":5,"column":49}},"3":{"start":{"line":6,"column":0},"end":{"line":6,"column":31}},"4":{"start":{"line":8,"column":0},"end":{"line":8,"column":51}},"5":{"start":{"line":9,"column":0},"end":{"line":9,"column":37}},"6":{"start":{"line":15,"column":4},"end":{"line":18,"column":6}},"7":{"start":{"line":16,"column":6},"end":{"line":16,"column":24}},"8":{"start":{"line":17,"column":6},"end":{"line":17,"column":12}},"9":{"start":{"line":20,"column":4},"end":{"line":26,"column":6}},"10":{"start":{"line":21,"column":6},"end":{"line":25,"column":33}},"11":{"start":{"line":28,"column":4},"end":{"line":31,"column":6}},"12":{"start":{"line":29,"column":6},"end":{"line":29,"column":24}},"13":{"start":{"line":30,"column":6},"end":{"line":30,"column":12}},"14":{"start":{"line":33,"column":4},"end":{"line":35,"column":6}},"15":{"start":{"line":34,"column":6},"end":{"line":34,"column":48}},"16":{"start":{"line":37,"column":4},"end":{"line":40,"column":6}},"17":{"start":{"line":38,"column":6},"end":{"line":38,"column":24}},"18":{"start":{"line":39,"column":6},"end":{"line":39,"column":12}},"19":{"start":{"line":42,"column":4},"end":{"line":44,"column":6}},"20":{"start":{"line":43,"column":6},"end":{"line":43,"column":48}},"21":{"start":{"line":53,"column":4},"end":{"line":56,"column":6}},"22":{"start":{"line":54,"column":6},"end":{"line":54,"column":24}},"23":{"start":{"line":55,"column":6},"end":{"line":55,"column":12}},"24":{"start":{"line":58,"column":4},"end":{"line":64,"column":6}},"25":{"start":{"line":59,"column":6},"end":{"line":63,"column":33}},"26":{"start":{"line":66,"column":4},"end":{"line":69,"column":6}},"27":{"start":{"line":67,"column":6},"end":{"line":67,"column":24}},"28":{"start":{"line":68,"column":6},"end":{"line":68,"column":12}},"29":{"start":{"line":71,"column":4},"end":{"line":77,"column":6}},"30":{"start":{"line":72,"column":6},"end":{"line":76,"column":33}},"31":{"start":{"line":83,"column":0},"end":{"line":83,"column":23}}},"branchMap":{}},"/Users/fficnar/Projects/Shared Projects/JavaScript/rumil/server/library/configuration.js":{"path":"/Users/fficnar/Projects/Shared Projects/JavaScript/rumil/server/library/configuration.js","s":{"1":1,"2":1,"3":1,"4":1,"5":1,"6":1,"7":1},"b":{},"f":{"1":1},"fnMap":{"1":{"name":"(anonymous_1)","line":10,"loc":{"start":{"line":10,"column":16},"end":{"line":10,"column":23}}}},"statementMap":{"1":{"start":{"line":3,"column":0},"end":{"line":3,"column":33}},"2":{"start":{"line":5,"column":0},"end":{"line":5,"column":28}},"3":{"start":{"line":6,"column":0},"end":{"line":6,"column":30}},"4":{"start":{"line":11,"column":4},"end":{"line":11,"column":92}},"5":{"start":{"line":12,"column":4},"end":{"line":12,"column":58}},"6":{"start":{"line":17,"column":0},"end":{"line":17,"column":89}},"7":{"start":{"line":19,"column":0},"end":{"line":19,"column":30}}},"branchMap":{}},"/Users/fficnar/Projects/Shared Projects/JavaScript/rumil/server/library/configurations/default-configuration.js":{"path":"/Users/fficnar/Projects/Shared Projects/JavaScript/rumil/server/library/configurations/default-configuration.js","s":{"1":1,"2":1,"3":1,"4":1,"5":1},"b":{},"f":{"1":1},"fnMap":{"1":{"name":"(anonymous_1)","line":7,"loc":{"start":{"line":7,"column":17},"end":{"line":7,"column":41}}}},"statementMap":{"1":{"start":{"line":3,"column":0},"end":{"line":3,"column":48}},"2":{"start":{"line":4,"column":0},"end":{"line":4,"column":31}},"3":{"start":{"line":5,"column":0},"end":{"line":5,"column":37}},"4":{"start":{"line":7,"column":0},"end":{"line":17,"column":1}},"5":{"start":{"line":8,"column":2},"end":{"line":16,"column":3}}},"branchMap":{}},"/Users/fficnar/Projects/Shared Projects/JavaScript/rumil/server/library/routes/status.js":{"path":"/Users/fficnar/Projects/Shared Projects/JavaScript/rumil/server/library/routes/status.js","s":{"1":1,"2":1,"3":1,"4":1,"5":1,"6":1,"7":1,"8":1,"9":1,"10":1,"11":1,"12":2,"13":2,"14":2,"15":2,"16":2,"17":2,"18":2,"19":2,"20":2,"21":2,"22":2,"23":2,"24":0,"25":0,"26":0,"27":0,"28":0,"29":1},"b":{},"f":{"1":1,"2":2},"fnMap":{"1":{"name":"(anonymous_1)","line":15,"loc":{"start":{"line":15,"column":21},"end":{"line":15,"column":30}}},"2":{"name":"(anonymous_2)","line":22,"loc":{"start":{"line":22,"column":38},"end":{"line":22,"column":74}}}},"statementMap":{"1":{"start":{"line":3,"column":0},"end":{"line":3,"column":24}},"2":{"start":{"line":4,"column":0},"end":{"line":4,"column":33}},"3":{"start":{"line":6,"column":0},"end":{"line":6,"column":49}},"4":{"start":{"line":8,"column":0},"end":{"line":8,"column":29}},"5":{"start":{"line":9,"column":0},"end":{"line":9,"column":48}},"6":{"start":{"line":10,"column":0},"end":{"line":10,"column":37}},"7":{"start":{"line":11,"column":0},"end":{"line":11,"column":71}},"8":{"start":{"line":17,"column":4},"end":{"line":20,"column":6}},"9":{"start":{"line":18,"column":6},"end":{"line":18,"column":24}},"10":{"start":{"line":19,"column":6},"end":{"line":19,"column":12}},"11":{"start":{"line":22,"column":4},"end":{"line":73,"column":7}},"12":{"start":{"line":23,"column":6},"end":{"line":23,"column":104}},"13":{"start":{"line":25,"column":6},"end":{"line":71,"column":7}},"14":{"start":{"line":27,"column":8},"end":{"line":27,"column":42}},"15":{"start":{"line":29,"column":8},"end":{"line":29,"column":54}},"16":{"start":{"line":30,"column":8},"end":{"line":30,"column":28}},"17":{"start":{"line":32,"column":8},"end":{"line":60,"column":9}},"18":{"start":{"line":34,"column":10},"end":{"line":34,"column":54}},"19":{"start":{"line":36,"column":10},"end":{"line":36,"column":82}},"20":{"start":{"line":38,"column":10},"end":{"line":52,"column":11}},"21":{"start":{"line":54,"column":10},"end":{"line":54,"column":31}},"22":{"start":{"line":55,"column":10},"end":{"line":55,"column":16}},"23":{"start":{"line":59,"column":10},"end":{"line":59,"column":31}},"24":{"start":{"line":64,"column":8},"end":{"line":64,"column":106}},"25":{"start":{"line":65,"column":8},"end":{"line":65,"column":56}},"26":{"start":{"line":66,"column":8},"end":{"line":66,"column":61}},"27":{"start":{"line":68,"column":8},"end":{"line":68,"column":28}},"28":{"start":{"line":69,"column":8},"end":{"line":69,"column":14}},"29":{"start":{"line":79,"column":0},"end":{"line":79,"column":23}}},"branchMap":{}},"/Users/fficnar/Projects/Shared Projects/JavaScript/rumil/server/library/routes/systems/twitter-authorization.js":{"path":"/Users/fficnar/Projects/Shared Projects/JavaScript/rumil/server/library/routes/systems/twitter-authorization.js","s":{"1":1,"2":1,"3":1,"4":1,"5":1,"6":1,"7":3,"8":1,"9":0,"10":2,"11":1,"12":1,"13":1,"14":1,"15":1,"16":1,"17":1,"18":0,"19":0,"20":0,"21":0,"22":0,"23":0,"24":0,"25":0,"26":0,"27":0,"28":0,"29":0,"30":0,"31":0,"32":0,"33":0,"34":0,"35":0,"36":0,"37":0,"38":0,"39":0,"40":1},"b":{"1":[1,0]},"f":{"1":3,"2":1,"3":0,"4":2,"5":1},"fnMap":{"1":{"name":"(anonymous_1)","line":13,"loc":{"start":{"line":13,"column":13},"end":{"line":13,"column":39}}},"2":{"name":"(anonymous_2)","line":17,"loc":{"start":{"line":17,"column":17},"end":{"line":17,"column":20}}},"3":{"name":"(anonymous_3)","line":21,"loc":{"start":{"line":21,"column":13},"end":{"line":21,"column":16}}},"4":{"name":"(anonymous_4)","line":25,"loc":{"start":{"line":25,"column":6},"end":{"line":25,"column":93}}},"5":{"name":"(anonymous_5)","line":29,"loc":{"start":{"line":29,"column":12},"end":{"line":29,"column":25}}}},"statementMap":{"1":{"start":{"line":3,"column":0},"end":{"line":3,"column":43}},"2":{"start":{"line":4,"column":0},"end":{"line":4,"column":44}},"3":{"start":{"line":5,"column":0},"end":{"line":5,"column":33}},"4":{"start":{"line":7,"column":0},"end":{"line":7,"column":52}},"5":{"start":{"line":8,"column":0},"end":{"line":8,"column":32}},"6":{"start":{"line":9,"column":0},"end":{"line":9,"column":61}},"7":{"start":{"line":14,"column":4},"end":{"line":14,"column":34}},"8":{"start":{"line":18,"column":4},"end":{"line":18,"column":42}},"9":{"start":{"line":22,"column":4},"end":{"line":22,"column":45}},"10":{"start":{"line":26,"column":4},"end":{"line":26,"column":35}},"11":{"start":{"line":30,"column":4},"end":{"line":30,"column":64}},"12":{"start":{"line":32,"column":4},"end":{"line":36,"column":6}},"13":{"start":{"line":38,"column":4},"end":{"line":38,"column":24}},"14":{"start":{"line":39,"column":4},"end":{"line":42,"column":6}},"15":{"start":{"line":43,"column":4},"end":{"line":46,"column":6}},"16":{"start":{"line":48,"column":4},"end":{"line":102,"column":5}},"17":{"start":{"line":50,"column":6},"end":{"line":50,"column":64}},"18":{"start":{"line":52,"column":6},"end":{"line":52,"column":77}},"19":{"start":{"line":54,"column":6},"end":{"line":54,"column":58}},"20":{"start":{"line":55,"column":6},"end":{"line":55,"column":60}},"21":{"start":{"line":56,"column":6},"end":{"line":56,"column":73}},"22":{"start":{"line":58,"column":6},"end":{"line":58,"column":17}},"23":{"start":{"line":60,"column":6},"end":{"line":68,"column":7}},"24":{"start":{"line":61,"column":8},"end":{"line":64,"column":10}},"25":{"start":{"line":67,"column":8},"end":{"line":67,"column":20}},"26":{"start":{"line":70,"column":6},"end":{"line":70,"column":56}},"27":{"start":{"line":75,"column":6},"end":{"line":75,"column":21}},"28":{"start":{"line":77,"column":6},"end":{"line":77,"column":17}},"29":{"start":{"line":79,"column":6},"end":{"line":84,"column":7}},"30":{"start":{"line":80,"column":8},"end":{"line":80,"column":31}},"31":{"start":{"line":83,"column":8},"end":{"line":83,"column":20}},"32":{"start":{"line":86,"column":6},"end":{"line":86,"column":68}},"33":{"start":{"line":87,"column":6},"end":{"line":87,"column":70}},"34":{"start":{"line":89,"column":6},"end":{"line":89,"column":125}},"35":{"start":{"line":91,"column":6},"end":{"line":91,"column":74}},"36":{"start":{"line":93,"column":6},"end":{"line":93,"column":56}},"37":{"start":{"line":94,"column":6},"end":{"line":94,"column":58}},"38":{"start":{"line":95,"column":6},"end":{"line":95,"column":73}},"39":{"start":{"line":97,"column":6},"end":{"line":100,"column":8}},"40":{"start":{"line":108,"column":0},"end":{"line":108,"column":37}}},"branchMap":{"1":{"line":48,"type":"if","locations":[{"start":{"line":48,"column":4},"end":{"line":48,"column":4}},{"start":{"line":48,"column":4},"end":{"line":48,"column":4}}]}}},"/Users/fficnar/Projects/Shared Projects/JavaScript/rumil/server/library/routes/systems/stored-authorization.js":{"path":"/Users/fficnar/Projects/Shared Projects/JavaScript/rumil/server/library/routes/systems/stored-authorization.js","s":{"1":1,"2":1,"3":1,"4":1,"5":1,"6":1,"7":3,"8":2,"9":2,"10":2,"11":0,"12":0,"13":2,"14":2,"15":2,"16":2,"17":2,"18":2,"19":2,"20":2,"21":2,"22":2,"23":2,"24":2,"25":0,"26":0,"27":2,"28":2,"29":0,"30":0,"31":0,"32":0,"33":0,"34":1},"b":{"1":[2,0],"2":[2,2],"3":[0,2],"4":[2,0]},"f":{"1":3,"2":2,"3":2,"4":0,"5":2,"6":0,"7":0},"fnMap":{"1":{"name":"(anonymous_1)","line":13,"loc":{"start":{"line":13,"column":13},"end":{"line":13,"column":39}}},"2":{"name":"(anonymous_2)","line":17,"loc":{"start":{"line":17,"column":6},"end":{"line":17,"column":26}}},"3":{"name":"(anonymous_3)","line":42,"loc":{"start":{"line":42,"column":7},"end":{"line":42,"column":10}}},"4":{"name":"(anonymous_4)","line":52,"loc":{"start":{"line":52,"column":7},"end":{"line":52,"column":10}}},"5":{"name":"(anonymous_5)","line":57,"loc":{"start":{"line":57,"column":7},"end":{"line":57,"column":10}}},"6":{"name":"(anonymous_6)","line":62,"loc":{"start":{"line":62,"column":6},"end":{"line":62,"column":28}}},"7":{"name":"(anonymous_7)","line":68,"loc":{"start":{"line":68,"column":6},"end":{"line":68,"column":9}}}},"statementMap":{"1":{"start":{"line":3,"column":0},"end":{"line":3,"column":36}},"2":{"start":{"line":4,"column":0},"end":{"line":4,"column":42}},"3":{"start":{"line":5,"column":0},"end":{"line":5,"column":30}},"4":{"start":{"line":6,"column":0},"end":{"line":6,"column":33}},"5":{"start":{"line":8,"column":0},"end":{"line":8,"column":32}},"6":{"start":{"line":9,"column":0},"end":{"line":9,"column":61}},"7":{"start":{"line":14,"column":4},"end":{"line":14,"column":34}},"8":{"start":{"line":18,"column":4},"end":{"line":18,"column":97}},"9":{"start":{"line":20,"column":4},"end":{"line":38,"column":5}},"10":{"start":{"line":22,"column":6},"end":{"line":25,"column":8}},"11":{"start":{"line":23,"column":8},"end":{"line":23,"column":78}},"12":{"start":{"line":24,"column":8},"end":{"line":24,"column":45}},"13":{"start":{"line":27,"column":6},"end":{"line":27,"column":88}},"14":{"start":{"line":29,"column":6},"end":{"line":29,"column":26}},"15":{"start":{"line":30,"column":6},"end":{"line":30,"column":61}},"16":{"start":{"line":31,"column":6},"end":{"line":31,"column":61}},"17":{"start":{"line":32,"column":6},"end":{"line":32,"column":61}},"18":{"start":{"line":33,"column":6},"end":{"line":33,"column":63}},"19":{"start":{"line":34,"column":6},"end":{"line":34,"column":65}},"20":{"start":{"line":36,"column":6},"end":{"line":36,"column":28}},"21":{"start":{"line":43,"column":4},"end":{"line":43,"column":46}},"22":{"start":{"line":45,"column":4},"end":{"line":48,"column":5}},"23":{"start":{"line":46,"column":6},"end":{"line":46,"column":25}},"24":{"start":{"line":47,"column":6},"end":{"line":47,"column":25}},"25":{"start":{"line":53,"column":4},"end":{"line":53,"column":45}},"26":{"start":{"line":54,"column":4},"end":{"line":54,"column":37}},"27":{"start":{"line":58,"column":4},"end":{"line":58,"column":45}},"28":{"start":{"line":59,"column":4},"end":{"line":59,"column":58}},"29":{"start":{"line":63,"column":4},"end":{"line":63,"column":83}},"30":{"start":{"line":64,"column":4},"end":{"line":64,"column":68}},"31":{"start":{"line":65,"column":4},"end":{"line":65,"column":73}},"32":{"start":{"line":69,"column":4},"end":{"line":69,"column":44}},"33":{"start":{"line":70,"column":4},"end":{"line":70,"column":68}},"34":{"start":{"line":75,"column":0},"end":{"line":75,"column":36}}},"branchMap":{"1":{"line":20,"type":"if","locations":[{"start":{"line":20,"column":4},"end":{"line":20,"column":4}},{"start":{"line":20,"column":4},"end":{"line":20,"column":4}}]},"2":{"line":22,"type":"binary-expr","locations":[{"start":{"line":22,"column":31},"end":{"line":22,"column":53}},{"start":{"line":22,"column":58},"end":{"line":25,"column":7}}]},"3":{"line":27,"type":"cond-expr","locations":[{"start":{"line":27,"column":26},"end":{"line":27,"column":58}},{"start":{"line":27,"column":61},"end":{"line":27,"column":88}}]},"4":{"line":45,"type":"if","locations":[{"start":{"line":45,"column":4},"end":{"line":45,"column":4}},{"start":{"line":45,"column":4},"end":{"line":45,"column":4}}]}}},"/Users/fficnar/Projects/Shared Projects/JavaScript/rumil/server/library/routes/systems/simple-authorization.js":{"path":"/Users/fficnar/Projects/Shared Projects/JavaScript/rumil/server/library/routes/systems/simple-authorization.js","s":{"1":1,"2":1,"3":7,"4":7,"5":7,"6":5,"7":3,"8":1,"9":1,"10":1,"11":1,"12":1},"b":{"1":[1,2]},"f":{"1":7,"2":5,"3":3,"4":1,"5":1},"fnMap":{"1":{"name":"(anonymous_1)","line":9,"loc":{"start":{"line":9,"column":13},"end":{"line":9,"column":39}}},"2":{"name":"(anonymous_2)","line":16,"loc":{"start":{"line":16,"column":20},"end":{"line":16,"column":23}}},"3":{"name":"(anonymous_3)","line":20,"loc":{"start":{"line":20,"column":12},"end":{"line":20,"column":15}}},"4":{"name":"(anonymous_4)","line":24,"loc":{"start":{"line":24,"column":10},"end":{"line":24,"column":16}}},"5":{"name":"(anonymous_5)","line":29,"loc":{"start":{"line":29,"column":12},"end":{"line":29,"column":25}}}},"statementMap":{"1":{"start":{"line":3,"column":0},"end":{"line":3,"column":33}},"2":{"start":{"line":5,"column":0},"end":{"line":5,"column":32}},"3":{"start":{"line":11,"column":4},"end":{"line":11,"column":26}},"4":{"start":{"line":12,"column":4},"end":{"line":12,"column":28}},"5":{"start":{"line":13,"column":4},"end":{"line":13,"column":20}},"6":{"start":{"line":17,"column":4},"end":{"line":17,"column":46}},"7":{"start":{"line":21,"column":4},"end":{"line":21,"column":85}},"8":{"start":{"line":25,"column":4},"end":{"line":25,"column":64}},"9":{"start":{"line":26,"column":4},"end":{"line":26,"column":42}},"10":{"start":{"line":30,"column":4},"end":{"line":30,"column":98}},"11":{"start":{"line":32,"column":4},"end":{"line":32,"column":157}},"12":{"start":{"line":37,"column":0},"end":{"line":37,"column":36}}},"branchMap":{"1":{"line":21,"type":"cond-expr","locations":[{"start":{"line":21,"column":41},"end":{"line":21,"column":80}},{"start":{"line":21,"column":83},"end":{"line":21,"column":85}}]}}},"/Users/fficnar/Projects/Shared Projects/JavaScript/rumil/server/library/routes/systems/oauth2-authorization.js":{"path":"/Users/fficnar/Projects/Shared Projects/JavaScript/rumil/server/library/routes/systems/oauth2-authorization.js","s":{"1":1,"2":1,"3":1,"4":1,"5":3,"6":3,"7":3,"8":3,"9":3,"10":3,"11":3,"12":3,"13":3,"14":3,"15":3,"16":0,"17":0,"18":0,"19":1},"b":{"1":[3,3],"2":[1,2],"3":[3,0]},"f":{"1":3,"2":3,"3":3,"4":3,"5":3},"fnMap":{"1":{"name":"(anonymous_1)","line":11,"loc":{"start":{"line":11,"column":13},"end":{"line":11,"column":39}}},"2":{"name":"(anonymous_2)","line":15,"loc":{"start":{"line":15,"column":20},"end":{"line":15,"column":23}}},"3":{"name":"(anonymous_3)","line":19,"loc":{"start":{"line":19,"column":9},"end":{"line":19,"column":12}}},"4":{"name":"(anonymous_4)","line":23,"loc":{"start":{"line":23,"column":12},"end":{"line":23,"column":15}}},"5":{"name":"(anonymous_5)","line":34,"loc":{"start":{"line":34,"column":12},"end":{"line":34,"column":25}}}},"statementMap":{"1":{"start":{"line":3,"column":0},"end":{"line":3,"column":38}},"2":{"start":{"line":4,"column":0},"end":{"line":4,"column":33}},"3":{"start":{"line":6,"column":0},"end":{"line":6,"column":32}},"4":{"start":{"line":7,"column":0},"end":{"line":7,"column":61}},"5":{"start":{"line":12,"column":4},"end":{"line":12,"column":34}},"6":{"start":{"line":16,"column":4},"end":{"line":16,"column":66}},"7":{"start":{"line":20,"column":4},"end":{"line":20,"column":35}},"8":{"start":{"line":25,"column":4},"end":{"line":25,"column":36}},"9":{"start":{"line":27,"column":4},"end":{"line":30,"column":5}},"10":{"start":{"line":35,"column":4},"end":{"line":35,"column":64}},"11":{"start":{"line":37,"column":4},"end":{"line":37,"column":35}},"12":{"start":{"line":38,"column":4},"end":{"line":38,"column":68}},"13":{"start":{"line":40,"column":4},"end":{"line":40,"column":34}},"14":{"start":{"line":42,"column":4},"end":{"line":51,"column":5}},"15":{"start":{"line":43,"column":6},"end":{"line":43,"column":40}},"16":{"start":{"line":46,"column":6},"end":{"line":46,"column":62}},"17":{"start":{"line":47,"column":6},"end":{"line":47,"column":61}},"18":{"start":{"line":49,"column":6},"end":{"line":49,"column":39}},"19":{"start":{"line":57,"column":0},"end":{"line":57,"column":36}}},"branchMap":{"1":{"line":16,"type":"binary-expr","locations":[{"start":{"line":16,"column":11},"end":{"line":16,"column":36}},{"start":{"line":16,"column":40},"end":{"line":16,"column":66}}]},"2":{"line":28,"type":"cond-expr","locations":[{"start":{"line":28,"column":33},"end":{"line":28,"column":47}},{"start":{"line":28,"column":50},"end":{"line":28,"column":52}}]},"3":{"line":42,"type":"if","locations":[{"start":{"line":42,"column":4},"end":{"line":42,"column":4}},{"start":{"line":42,"column":4},"end":{"line":42,"column":4}}]}}},"/Users/fficnar/Projects/Shared Projects/JavaScript/rumil/server/library/routes/systems/github-authorization.js":{"path":"/Users/fficnar/Projects/Shared Projects/JavaScript/rumil/server/library/routes/systems/github-authorization.js","s":{"1":1,"2":1,"3":1,"4":1,"5":1},"b":{},"f":{"1":1,"2":1},"fnMap":{"1":{"name":"(anonymous_1)","line":9,"loc":{"start":{"line":9,"column":13},"end":{"line":9,"column":39}}},"2":{"name":"(anonymous_2)","line":13,"loc":{"start":{"line":13,"column":12},"end":{"line":13,"column":15}}}},"statementMap":{"1":{"start":{"line":3,"column":0},"end":{"line":3,"column":52}},"2":{"start":{"line":5,"column":0},"end":{"line":5,"column":61}},"3":{"start":{"line":10,"column":4},"end":{"line":10,"column":34}},"4":{"start":{"line":14,"column":4},"end":{"line":21,"column":26}},"5":{"start":{"line":26,"column":0},"end":{"line":26,"column":36}}},"branchMap":{}},"/Users/fficnar/Projects/Shared Projects/JavaScript/rumil/server/library/routes/systems/google-authorization.js":{"path":"/Users/fficnar/Projects/Shared Projects/JavaScript/rumil/server/library/routes/systems/google-authorization.js","s":{"1":1,"2":1,"3":1,"4":1,"5":1},"b":{},"f":{"1":1,"2":1},"fnMap":{"1":{"name":"(anonymous_1)","line":9,"loc":{"start":{"line":9,"column":13},"end":{"line":9,"column":39}}},"2":{"name":"(anonymous_2)","line":13,"loc":{"start":{"line":13,"column":12},"end":{"line":13,"column":15}}}},"statementMap":{"1":{"start":{"line":3,"column":0},"end":{"line":3,"column":52}},"2":{"start":{"line":5,"column":0},"end":{"line":5,"column":61}},"3":{"start":{"line":10,"column":4},"end":{"line":10,"column":34}},"4":{"start":{"line":14,"column":4},"end":{"line":21,"column":26}},"5":{"start":{"line":26,"column":0},"end":{"line":26,"column":36}}},"branchMap":{}}}