TN:
SF:/Users/fficnar/Projects/Shared Projects/JavaScript/rumil/server/library/file-system.js
FN:19,(anonymous_1)
FN:34,(anonymous_2)
FN:45,(anonymous_3)
FNF:3
FNH:3
FNDA:17,(anonymous_1)
FNDA:5,(anonymous_2)
FNDA:5,(anonymous_3)
DA:3,1
DA:4,1
DA:5,1
DA:6,1
DA:9,1
DA:11,1
DA:12,1
DA:14,1
DA:16,1
DA:17,1
DA:19,1
DA:20,17
DA:21,17
DA:22,15
DA:24,2
DA:34,1
DA:36,5
DA:37,5
DA:39,5
DA:41,12
DA:45,1
DA:47,5
DA:48,5
DA:50,5
DA:52,5
DA:53,69
DA:54,69
DA:55,4
DA:57,65
DA:63,1
DA:64,1
DA:65,1
DA:66,1
DA:67,1
DA:68,1
DA:69,1
DA:70,1
DA:73,1
LF:38
LH:38
BRDA:21,1,0,15
BRDA:21,1,1,2
BRDA:54,2,0,4
BRDA:54,2,1,65
BRF:4
BRH:4
end_of_record
TN:
SF:/Users/fficnar/Projects/Shared Projects/JavaScript/rumil/server/library/path.js
FN:8,(anonymous_1)
FN:12,(anonymous_2)
FNF:2
FNH:2
FNDA:1,(anonymous_1)
FNDA:90,(anonymous_2)
DA:3,1
DA:4,1
DA:6,1
DA:8,1
DA:9,1
DA:12,1
DA:13,90
DA:14,90
DA:17,1
LF:9
LH:9
BRDA:9,1,0,1
BRDA:9,1,1,0
BRF:2
BRH:1
end_of_record
TN:
SF:/Users/fficnar/Projects/Shared Projects/JavaScript/rumil/server/library/errors/argument-error.js
FN:3,ArgumentError
FNF:1
FNH:1
FNDA:68,ArgumentError
DA:3,1
DA:5,68
DA:6,68
DA:8,68
DA:12,1
DA:13,1
DA:14,1
DA:16,1
LF:8
LH:8
BRF:0
BRH:0
end_of_record
TN:
SF:/Users/fficnar/Projects/Shared Projects/JavaScript/rumil/server/library/errors/process-error.js
FN:3,ProcessError
FNF:1
FNH:1
FNDA:3,ProcessError
DA:3,1
DA:5,3
DA:6,3
DA:8,3
DA:9,3
DA:13,1
DA:14,1
DA:15,1
DA:17,1
LF:9
LH:9
BRF:0
BRH:0
end_of_record
TN:
SF:/Users/fficnar/Projects/Shared Projects/JavaScript/rumil/server/library/process.js
FN:17,(anonymous_1)
FN:25,(anonymous_2)
FN:51,(anonymous_3)
FN:78,(anonymous_4)
FN:109,(anonymous_5)
FN:132,(anonymous_6)
FNF:6
FNH:5
FNDA:12,(anonymous_1)
FNDA:87,(anonymous_2)
FNDA:9,(anonymous_3)
FNDA:2,(anonymous_4)
FNDA:3,(anonymous_5)
FNDA:0,(anonymous_6)
DA:3,1
DA:4,1
DA:6,1
DA:7,1
DA:9,1
DA:11,1
DA:17,1
DA:19,12
DA:21,12
DA:23,12
DA:25,12
DA:27,87
DA:29,87
DA:30,87
DA:32,75
DA:33,12
DA:34,3
DA:35,3
DA:38,9
DA:39,9
DA:45,12
DA:51,1
DA:53,9
DA:54,9
DA:56,9
DA:57,9
DA:60,3
DA:63,6
DA:67,6
DA:68,6
DA:70,3
DA:71,3
DA:74,3
DA:78,1
DA:80,2
DA:81,2
DA:83,2
DA:85,2
DA:86,1
DA:89,1
DA:93,1
DA:94,0
DA:95,0
DA:96,0
DA:97,0
DA:105,1
DA:109,1
DA:111,3
DA:112,3
DA:114,3
DA:116,3
DA:118,1
DA:122,1
DA:126,2
DA:128,1
DA:132,1
DA:134,0
DA:136,0
DA:138,0
DA:140,0
DA:144,1
LF:61
LH:53
BRDA:30,1,0,75
BRDA:30,1,1,12
BRDA:30,2,0,87
BRDA:30,2,1,78
BRDA:33,3,0,3
BRDA:33,3,1,9
BRDA:85,4,0,1
BRDA:85,4,1,1
BRDA:116,5,0,1
BRDA:116,5,1,2
BRF:10
BRH:10
end_of_record
TN:
SF:/Users/fficnar/Projects/Shared Projects/JavaScript/rumil/server/library/log.js
FN:10,(anonymous_1)
FN:44,(anonymous_2)
FN:56,(anonymous_3)
FN:61,(anonymous_4)
FN:76,(anonymous_5)
FN:81,(anonymous_6)
FN:106,(anonymous_7)
FNF:7
FNH:6
FNDA:121,(anonymous_1)
FNDA:4,(anonymous_2)
FNDA:5,(anonymous_3)
FNDA:1,(anonymous_4)
FNDA:1,(anonymous_5)
FNDA:0,(anonymous_6)
FNDA:2,(anonymous_7)
DA:3,1
DA:4,1
DA:5,1
DA:6,1
DA:8,1
DA:10,1
DA:12,121
DA:14,121
DA:16,121
DA:18,0
DA:22,0
DA:24,119
DA:28,119
DA:30,2
DA:36,121
DA:44,1
DA:46,4
DA:52,4
DA:56,1
DA:57,5
DA:58,5
DA:61,1
DA:63,1
DA:72,1
DA:76,1
DA:77,1
DA:78,1
DA:81,1
DA:83,0
DA:84,0
DA:86,0
DA:88,0
DA:89,0
DA:90,0
DA:92,0
DA:93,0
DA:94,0
DA:96,0
DA:97,0
DA:100,0
DA:102,0
DA:106,1
DA:107,2
DA:108,2
DA:111,1
DA:113,1
LF:46
LH:31
BRDA:16,1,0,0
BRDA:16,1,1,119
BRDA:16,1,2,2
BRDA:24,2,0,2
BRDA:24,2,1,117
BRDA:40,3,0,121
BRDA:40,3,1,0
BRDA:86,4,0,0
BRDA:86,4,1,0
BRDA:86,4,2,0
BRF:10
BRH:5
end_of_record
TN:
SF:/Users/fficnar/Projects/Shared Projects/JavaScript/rumil/server/library/server.js
FN:12,(anonymous_1)
FNF:1
FNH:1
FNDA:1,(anonymous_1)
DA:3,1
DA:5,1
DA:6,1
DA:7,1
DA:8,1
DA:10,1
DA:12,1
DA:14,1
DA:15,1
DA:17,1
DA:18,1
DA:20,1
DA:24,1
DA:25,0
DA:26,0
DA:29,1
DA:30,1
DA:31,1
DA:33,1
DA:35,1
DA:37,1
DA:38,1
DA:40,1
DA:44,1
LF:24
LH:22
BRF:0
BRH:0
end_of_record
TN:
SF:/Users/fficnar/Projects/Shared Projects/JavaScript/rumil/server/library/routes/authorization.js
FN:12,(anonymous_1)
FN:20,(anonymous_2)
FNF:2
FNH:2
FNDA:1,(anonymous_1)
FNDA:6,(anonymous_2)
DA:3,1
DA:4,1
DA:6,1
DA:7,1
DA:8,1
DA:14,1
DA:15,2
DA:16,2
DA:17,2
DA:20,1
DA:21,6
DA:23,6
DA:25,6
DA:26,6
DA:28,6
DA:29,6
DA:31,5
DA:33,5
DA:37,5
DA:38,5
DA:39,5
DA:41,5
DA:42,5
DA:52,1
LF:24
LH:24
BRF:0
BRH:0
end_of_record
TN:
SF:/Users/fficnar/Projects/Shared Projects/JavaScript/rumil/server/library/handlers/log.js
FN:8,(anonymous_1)
FNF:1
FNH:1
FNDA:1,(anonymous_1)
DA:3,1
DA:4,1
DA:6,1
DA:8,1
DA:10,1
DA:12,26
DA:13,26
DA:18,1
LF:8
LH:8
BRF:0
BRH:0
end_of_record
TN:
SF:/Users/fficnar/Projects/Shared Projects/JavaScript/rumil/server/library/routes/static.js
FN:13,(anonymous_1)
FNF:1
FNH:1
FNDA:1,(anonymous_1)
DA:3,1
DA:5,1
DA:6,1
DA:8,1
DA:9,1
DA:15,1
DA:16,1
DA:17,1
DA:20,1
DA:21,1
DA:28,1
DA:29,1
DA:30,1
DA:33,1
DA:34,1
DA:37,1
DA:38,1
DA:39,1
DA:42,1
DA:43,1
DA:53,1
DA:54,2
DA:55,2
DA:58,1
DA:59,2
DA:66,1
DA:67,1
DA:68,1
DA:71,1
DA:72,4
DA:83,1
LF:31
LH:31
BRF:0
BRH:0
end_of_record
TN:
SF:/Users/fficnar/Projects/Shared Projects/JavaScript/rumil/server/library/configuration.js
FN:10,(anonymous_1)
FNF:1
FNH:1
FNDA:1,(anonymous_1)
DA:3,1
DA:5,1
DA:6,1
DA:12,1
DA:17,1
DA:19,1
LF:6
LH:6
BRF:0
BRH:0
end_of_record
TN:
SF:/Users/fficnar/Projects/Shared Projects/JavaScript/rumil/server/library/configurations/default-configuration.js
FN:7,(anonymous_1)
FNF:1
FNH:1
FNDA:1,(anonymous_1)
DA:3,1
DA:4,1
DA:5,1
DA:7,1
DA:8,1
LF:5
LH:5
BRF:0
BRH:0
end_of_record
TN:
SF:/Users/fficnar/Projects/Shared Projects/JavaScript/rumil/server/library/routes/status.js
FN:15,(anonymous_1)
FN:22,(anonymous_2)
FNF:2
FNH:2
FNDA:1,(anonymous_1)
FNDA:2,(anonymous_2)
DA:3,1
DA:4,1
DA:6,1
DA:8,1
DA:9,1
DA:10,1
DA:11,1
DA:17,1
DA:18,1
DA:19,1
DA:22,1
DA:23,2
DA:25,2
DA:27,2
DA:29,2
DA:30,2
DA:32,2
DA:34,2
DA:36,2
DA:38,2
DA:54,2
DA:55,2
DA:59,2
DA:64,0
DA:65,0
DA:66,0
DA:68,0
DA:69,0
DA:79,1
LF:29
LH:24
BRF:0
BRH:0
end_of_record
TN:
SF:/Users/fficnar/Projects/Shared Projects/JavaScript/rumil/server/library/routes/systems/twitter-authorization.js
FN:13,(anonymous_1)
FN:17,(anonymous_2)
FN:21,(anonymous_3)
FN:25,(anonymous_4)
FN:29,(anonymous_5)
FNF:5
FNH:4
FNDA:3,(anonymous_1)
FNDA:1,(anonymous_2)
FNDA:0,(anonymous_3)
FNDA:2,(anonymous_4)
FNDA:1,(anonymous_5)
DA:3,1
DA:4,1
DA:5,1
DA:7,1
DA:8,1
DA:9,1
DA:14,3
DA:18,1
DA:22,0
DA:26,2
DA:30,1
DA:32,1
DA:38,1
DA:39,1
DA:43,1
DA:48,1
DA:50,1
DA:52,0
DA:54,0
DA:55,0
DA:56,0
DA:58,0
DA:60,0
DA:61,0
DA:67,0
DA:70,0
DA:75,0
DA:77,0
DA:79,0
DA:80,0
DA:83,0
DA:86,0
DA:87,0
DA:89,0
DA:91,0
DA:93,0
DA:94,0
DA:95,0
DA:97,0
DA:108,1
LF:40
LH:17
BRDA:48,1,0,1
BRDA:48,1,1,0
BRF:2
BRH:1
end_of_record
TN:
SF:/Users/fficnar/Projects/Shared Projects/JavaScript/rumil/server/library/routes/systems/stored-authorization.js
FN:13,(anonymous_1)
FN:17,(anonymous_2)
FN:42,(anonymous_3)
FN:52,(anonymous_4)
FN:57,(anonymous_5)
FN:62,(anonymous_6)
FN:68,(anonymous_7)
FNF:7
FNH:4
FNDA:3,(anonymous_1)
FNDA:2,(anonymous_2)
FNDA:2,(anonymous_3)
FNDA:0,(anonymous_4)
FNDA:2,(anonymous_5)
FNDA:0,(anonymous_6)
FNDA:0,(anonymous_7)
DA:3,1
DA:4,1
DA:5,1
DA:6,1
DA:8,1
DA:9,1
DA:14,3
DA:18,2
DA:20,2
DA:22,2
DA:23,0
DA:24,0
DA:27,2
DA:29,2
DA:30,2
DA:31,2
DA:32,2
DA:33,2
DA:34,2
DA:36,2
DA:43,2
DA:45,2
DA:46,2
DA:47,2
DA:53,0
DA:54,0
DA:58,2
DA:59,2
DA:63,0
DA:64,0
DA:65,0
DA:69,0
DA:70,0
DA:75,1
LF:34
LH:25
BRDA:20,1,0,2
BRDA:20,1,1,0
BRDA:22,2,0,2
BRDA:22,2,1,2
BRDA:27,3,0,0
BRDA:27,3,1,2
BRDA:45,4,0,2
BRDA:45,4,1,0
BRF:8
BRH:5
end_of_record
TN:
SF:/Users/fficnar/Projects/Shared Projects/JavaScript/rumil/server/library/routes/systems/simple-authorization.js
FN:9,(anonymous_1)
FN:16,(anonymous_2)
FN:20,(anonymous_3)
FN:24,(anonymous_4)
FN:29,(anonymous_5)
FNF:5
FNH:5
FNDA:7,(anonymous_1)
FNDA:5,(anonymous_2)
FNDA:3,(anonymous_3)
FNDA:1,(anonymous_4)
FNDA:1,(anonymous_5)
DA:3,1
DA:5,1
DA:11,7
DA:12,7
DA:13,7
DA:17,5
DA:21,3
DA:25,1
DA:26,1
DA:30,1
DA:32,1
DA:37,1
LF:12
LH:12
BRDA:21,1,0,1
BRDA:21,1,1,2
BRF:2
BRH:2
end_of_record
TN:
SF:/Users/fficnar/Projects/Shared Projects/JavaScript/rumil/server/library/routes/systems/oauth2-authorization.js
FN:11,(anonymous_1)
FN:15,(anonymous_2)
FN:19,(anonymous_3)
FN:23,(anonymous_4)
FN:34,(anonymous_5)
FNF:5
FNH:5
FNDA:3,(anonymous_1)
FNDA:3,(anonymous_2)
FNDA:3,(anonymous_3)
FNDA:3,(anonymous_4)
FNDA:3,(anonymous_5)
DA:3,1
DA:4,1
DA:6,1
DA:7,1
DA:12,3
DA:16,3
DA:20,3
DA:25,3
DA:27,3
DA:35,3
DA:37,3
DA:38,3
DA:40,3
DA:42,3
DA:43,3
DA:46,0
DA:47,0
DA:49,0
DA:57,1
LF:19
LH:16
BRDA:16,1,0,3
BRDA:16,1,1,3
BRDA:28,2,0,1
BRDA:28,2,1,2
BRDA:42,3,0,3
BRDA:42,3,1,0
BRF:6
BRH:5
end_of_record
TN:
SF:/Users/fficnar/Projects/Shared Projects/JavaScript/rumil/server/library/routes/systems/github-authorization.js
FN:9,(anonymous_1)
FN:13,(anonymous_2)
FNF:2
FNH:2
FNDA:1,(anonymous_1)
FNDA:1,(anonymous_2)
DA:3,1
DA:5,1
DA:10,1
DA:14,1
DA:26,1
LF:5
LH:5
BRF:0
BRH:0
end_of_record
TN:
SF:/Users/fficnar/Projects/Shared Projects/JavaScript/rumil/server/library/routes/systems/google-authorization.js
FN:9,(anonymous_1)
FN:13,(anonymous_2)
FNF:2
FNH:2
FNDA:1,(anonymous_1)
FNDA:1,(anonymous_2)
DA:3,1
DA:5,1
DA:10,1
DA:14,1
DA:26,1
LF:5
LH:5
BRF:0
BRH:0
end_of_record
