TN:
SF:/Users/fficnar/Projects/Shared Projects/JavaScript/rumil/server/library/file-system.js
FN:17,(anonymous_1)
FN:37,(anonymous_2)
FN:48,(anonymous_3)
FNF:3
FNH:3
FNDA:17,(anonymous_1)
FNDA:5,(anonymous_2)
FNDA:5,(anonymous_3)
DA:3,1
DA:4,1
DA:5,1
DA:8,1
DA:10,1
DA:11,1
DA:13,1
DA:15,1
DA:17,1
DA:19,17
DA:23,17
DA:24,17
DA:27,15
DA:31,2
DA:37,1
DA:39,5
DA:40,5
DA:42,5
DA:44,12
DA:48,1
DA:50,5
DA:51,5
DA:53,5
DA:55,5
DA:56,69
DA:57,69
DA:58,4
DA:60,65
DA:66,1
DA:67,1
DA:68,1
DA:69,1
DA:70,1
DA:71,1
DA:73,1
LF:35
LH:35
BRDA:24,1,0,15
BRDA:24,1,1,2
BRDA:57,2,0,4
BRDA:57,2,1,65
BRF:4
BRH:4
end_of_record
TN:
SF:/Users/fficnar/Projects/Shared Projects/JavaScript/rumil/server/library/path.js
FN:7,(anonymous_1)
FNF:1
FNH:1
FNDA:93,(anonymous_1)
DA:3,1
DA:5,1
DA:7,1
DA:8,93
DA:9,93
DA:12,1
LF:6
LH:6
BRF:0
BRH:0
end_of_record
TN:
SF:/Users/fficnar/Projects/Shared Projects/JavaScript/rumil/server/library/errors/argument-error.js
FN:3,ArgumentError
FNF:1
FNH:1
FNDA:68,ArgumentError
DA:3,1
DA:5,68
DA:6,68
DA:8,68
DA:12,1
DA:13,1
DA:14,1
DA:16,1
LF:8
LH:8
BRF:0
BRH:0
end_of_record
TN:
SF:/Users/fficnar/Projects/Shared Projects/JavaScript/rumil/server/library/errors/process-error.js
FN:3,ProcessError
FNF:1
FNH:1
FNDA:3,ProcessError
DA:3,1
DA:5,3
DA:6,3
DA:8,3
DA:9,3
DA:13,1
DA:14,1
DA:15,1
DA:17,1
LF:9
LH:9
BRF:0
BRH:0
end_of_record
TN:
SF:/Users/fficnar/Projects/Shared Projects/JavaScript/rumil/server/library/process.js
FN:31,(anonymous_1)
FN:39,(anonymous_2)
FN:65,(anonymous_3)
FN:98,(anonymous_4)
FN:138,(anonymous_5)
FN:166,(anonymous_6)
FNF:6
FNH:5
FNDA:12,(anonymous_1)
FNDA:87,(anonymous_2)
FNDA:9,(anonymous_3)
FNDA:2,(anonymous_4)
FNDA:3,(anonymous_5)
FNDA:0,(anonymous_6)
DA:3,1
DA:4,1
DA:6,1
DA:7,1
DA:9,1
DA:11,1
DA:13,1
DA:14,1
DA:15,1
DA:31,1
DA:33,12
DA:35,12
DA:37,12
DA:39,12
DA:41,87
DA:43,87
DA:44,87
DA:46,75
DA:47,12
DA:48,3
DA:49,3
DA:52,9
DA:53,9
DA:59,12
DA:65,1
DA:67,9
DA:68,9
DA:70,9
DA:72,9
DA:73,9
DA:76,3
DA:79,6
DA:83,6
DA:84,6
DA:88,3
DA:90,3
DA:94,3
DA:98,1
DA:100,2
DA:101,2
DA:104,2
DA:106,2
DA:107,1
DA:111,1
DA:115,1
DA:117,0
DA:118,0
DA:119,0
DA:120,0
DA:134,1
DA:138,1
DA:140,3
DA:141,3
DA:144,3
DA:146,3
DA:148,1
DA:154,1
DA:158,2
DA:162,1
DA:166,1
DA:172,0
DA:174,0
DA:178,1
LF:63
LH:57
BRDA:44,1,0,75
BRDA:44,1,1,12
BRDA:44,2,0,87
BRDA:44,2,1,78
BRDA:47,3,0,3
BRDA:47,3,1,9
BRDA:106,4,0,1
BRDA:106,4,1,1
BRDA:146,5,0,1
BRDA:146,5,1,2
BRF:10
BRH:10
end_of_record
TN:
SF:/Users/fficnar/Projects/Shared Projects/JavaScript/rumil/server/library/log.js
FN:8,(anonymous_1)
FN:23,(anonymous_2)
FN:35,(anonymous_3)
FN:43,(anonymous_4)
FN:58,(anonymous_5)
FN:66,(anonymous_6)
FN:74,(anonymous_7)
FNF:7
FNH:7
FNDA:80,(anonymous_1)
FNDA:4,(anonymous_2)
FNDA:5,(anonymous_3)
FNDA:1,(anonymous_4)
FNDA:1,(anonymous_5)
FNDA:2,(anonymous_6)
FNDA:2,(anonymous_7)
DA:3,1
DA:4,1
DA:6,1
DA:8,1
DA:10,80
DA:13,80
DA:15,80
DA:23,1
DA:25,4
DA:31,4
DA:35,1
DA:37,5
DA:39,5
DA:43,1
DA:45,1
DA:54,1
DA:58,1
DA:60,1
DA:62,1
DA:66,1
DA:68,2
DA:70,2
DA:74,1
DA:76,2
DA:78,2
DA:82,1
DA:84,1
LF:27
LH:27
BRDA:19,1,0,80
BRDA:19,1,1,0
BRF:2
BRH:1
end_of_record
TN:
SF:/Users/fficnar/Projects/Shared Projects/JavaScript/rumil/server/library/server.js
FN:12,(anonymous_1)
FNF:1
FNH:1
FNDA:1,(anonymous_1)
DA:3,1
DA:5,1
DA:6,1
DA:7,1
DA:8,1
DA:10,1
DA:12,1
DA:14,1
DA:15,1
DA:16,1
DA:17,1
DA:19,1
DA:23,1
DA:24,0
DA:25,0
DA:28,1
DA:29,1
DA:30,1
DA:32,1
DA:34,1
DA:35,1
DA:36,1
DA:38,1
DA:42,1
LF:24
LH:22
BRF:0
BRH:0
end_of_record
TN:
SF:/Users/fficnar/Projects/Shared Projects/JavaScript/rumil/server/library/routes/authorize.js
FN:12,(anonymous_1)
FN:47,(anonymous_2)
FNF:2
FNH:1
FNDA:1,(anonymous_1)
FNDA:0,(anonymous_2)
DA:4,1
DA:6,1
DA:7,1
DA:8,1
DA:14,1
DA:16,2
DA:17,2
DA:20,1
DA:21,3
DA:23,3
DA:24,3
DA:26,3
DA:28,3
DA:30,3
DA:33,3
DA:35,3
DA:37,2
DA:40,2
DA:46,1
DA:54,0
DA:56,0
DA:57,0
DA:61,1
DA:62,1
DA:73,1
LF:25
LH:22
BRDA:30,1,0,1
BRDA:30,1,1,2
BRDA:33,2,0,3
BRDA:33,2,1,2
BRDA:35,3,0,2
BRDA:35,3,1,1
BRDA:54,4,0,0
BRDA:54,4,1,0
BRF:8
BRH:6
end_of_record
TN:
SF:/Users/fficnar/Projects/Shared Projects/JavaScript/rumil/server/library/handlers/log.js
FN:8,(anonymous_1)
FNF:1
FNH:1
FNDA:1,(anonymous_1)
DA:3,1
DA:4,1
DA:6,1
DA:8,1
DA:10,1
DA:12,22
DA:13,22
DA:18,1
LF:8
LH:8
BRF:0
BRH:0
end_of_record
TN:
SF:/Users/fficnar/Projects/Shared Projects/JavaScript/rumil/server/library/routes/static.js
FN:12,(anonymous_1)
FNF:1
FNH:1
FNDA:1,(anonymous_1)
DA:3,1
DA:5,1
DA:7,1
DA:8,1
DA:14,1
DA:15,1
DA:16,1
DA:19,1
DA:20,1
DA:27,1
DA:28,1
DA:29,1
DA:32,1
DA:33,1
DA:36,1
DA:37,1
DA:38,1
DA:41,1
DA:42,1
DA:45,1
DA:46,2
DA:47,2
DA:50,1
DA:51,2
DA:58,1
DA:59,1
DA:60,1
DA:63,1
DA:64,3
DA:75,1
LF:30
LH:30
BRF:0
BRH:0
end_of_record
TN:
SF:/Users/fficnar/Projects/Shared Projects/JavaScript/rumil/server/library/routes/status.js
FN:10,(anonymous_1)
FNF:1
FNH:1
FNDA:1,(anonymous_1)
DA:3,1
DA:4,1
DA:6,1
DA:12,1
DA:13,1
DA:14,1
DA:17,1
DA:19,2
DA:21,2
DA:32,2
DA:33,2
DA:41,1
LF:12
LH:12
BRF:0
BRH:0
end_of_record
TN:
SF:/Users/fficnar/Projects/Shared Projects/JavaScript/rumil/server/library/routes/systems/github-authorize.js
FN:10,(anonymous_1)
FN:22,(anonymous_2)
FN:26,(anonymous_3)
FNF:3
FNH:3
FNDA:3,(anonymous_1)
FNDA:2,(anonymous_2)
FNDA:1,(anonymous_3)
DA:3,1
DA:5,1
DA:6,1
DA:11,3
DA:23,2
DA:27,1
DA:32,1
LF:7
LH:7
BRDA:17,1,0,2
BRDA:17,1,1,1
BRF:2
BRH:2
end_of_record
